# JRE version: Java(TM) SE Runtime Environment (8.0_181-b13) (build 1.8.0_181-b13)
# Java VM: Java HotSpot(TM) 64-Bit Server VM (25.181-b13 mixed mode windows-amd64 compressed oops)
Heap:
 PSYoungGen      total 141824K, used 123914K [0x00000000d5580000, 0x00000000e2a80000, 0x0000000100000000)
  eden space 131072K, 90% used [0x00000000d5580000,0x00000000dc9cb0b8,0x00000000dd580000)
  from space 10752K, 44% used [0x00000000dd580000,0x00000000dda37a20,0x00000000de000000)
  to   space 13824K, 0% used [0x00000000e1d00000,0x00000000e1d00000,0x00000000e2a80000)
 ParOldGen       total 111104K, used 11375K [0x0000000080000000, 0x0000000086c80000, 0x00000000d5580000)
  object space 111104K, 10% used [0x0000000080000000,0x0000000080b1bcf8,0x0000000086c80000)
 Metaspace       used 29745K, capacity 30728K, committed 30976K, reserved 1077248K
  class space    used 3533K, capacity 3822K, committed 3840K, reserved 1048576K
GC Heap History (10 events):
Event: 2.855 GC heap before
{Heap before GC invocations=2 (full 0):
 PSYoungGen      total 76288K, used 73276K [0x00000000d5580000, 0x00000000daa80000, 0x0000000100000000)
  eden space 65536K, 100% used [0x00000000d5580000,0x00000000d9580000,0x00000000d9580000)
  from space 10752K, 71% used [0x00000000d9580000,0x00000000d9d0f2f8,0x00000000da000000)
  to   space 10752K, 0% used [0x00000000da000000,0x00000000da000000,0x00000000daa80000)
 ParOldGen       total 175104K, used 16K [0x0000000080000000, 0x000000008ab00000, 0x00000000d5580000)
  object space 175104K, 0% used [0x0000000080000000,0x0000000080004000,0x000000008ab00000)
 Metaspace       used 15226K, capacity 15418K, committed 15616K, reserved 1062912K
  class space    used 1628K, capacity 1707K, committed 1792K, reserved 1048576K
Event: 2.865 GC heap after
Heap after GC invocations=2 (full 0):
 PSYoungGen      total 76288K, used 8504K [0x00000000d5580000, 0x00000000daa80000, 0x0000000100000000)
  eden space 65536K, 0% used [0x00000000d5580000,0x00000000d5580000,0x00000000d9580000)
  from space 10752K, 79% used [0x00000000da000000,0x00000000da84e028,0x00000000daa80000)
  to   space 10752K, 0% used [0x00000000d9580000,0x00000000d9580000,0x00000000da000000)
 ParOldGen       total 175104K, used 24K [0x0000000080000000, 0x000000008ab00000, 0x00000000d5580000)
  object space 175104K, 0% used [0x0000000080000000,0x0000000080006000,0x000000008ab00000)
 Metaspace       used 15226K, capacity 15418K, committed 15616K, reserved 1062912K
  class space    used 1628K, capacity 1707K, committed 1792K, reserved 1048576K
}
Event: 3.968 GC heap before
{Heap before GC invocations=3 (full 0):
 PSYoungGen      total 76288K, used 74040K [0x00000000d5580000, 0x00000000daa80000, 0x0000000100000000)
  eden space 65536K, 100% used [0x00000000d5580000,0x00000000d9580000,0x00000000d9580000)
  from space 10752K, 79% used [0x00000000da000000,0x00000000da84e028,0x00000000daa80000)
  to   space 10752K, 0% used [0x00000000d9580000,0x00000000d9580000,0x00000000da000000)
 ParOldGen       total 175104K, used 24K [0x0000000080000000, 0x000000008ab00000, 0x00000000d5580000)
  object space 175104K, 0% used [0x0000000080000000,0x0000000080006000,0x000000008ab00000)
 Metaspace       used 20051K, capacity 20226K, committed 20608K, reserved 1067008K
  class space    used 2250K, capacity 2329K, committed 2432K, reserved 1048576K
Event: 3.985 GC heap after
Heap after GC invocations=3 (full 0):
 PSYoungGen      total 76288K, used 10749K [0x00000000d5580000, 0x00000000dea80000, 0x0000000100000000)
  eden space 65536K, 0% used [0x00000000d5580000,0x00000000d5580000,0x00000000d9580000)
  from space 10752K, 99% used [0x00000000d9580000,0x00000000d9fff738,0x00000000da000000)
  to   space 10752K, 0% used [0x00000000de000000,0x00000000de000000,0x00000000dea80000)
 ParOldGen       total 175104K, used 769K [0x0000000080000000, 0x000000008ab00000, 0x00000000d5580000)
  object space 175104K, 0% used [0x0000000080000000,0x00000000800c0660,0x000000008ab00000)
 Metaspace       used 20051K, capacity 20226K, committed 20608K, reserved 1067008K
  class space    used 2250K, capacity 2329K, committed 2432K, reserved 1048576K
}
Event: 4.608 GC heap before
{Heap before GC invocations=4 (full 0):
 PSYoungGen      total 76288K, used 52229K [0x00000000d5580000, 0x00000000dea80000, 0x0000000100000000)
  eden space 65536K, 63% used [0x00000000d5580000,0x00000000d7e01cf8,0x00000000d9580000)
  from space 10752K, 99% used [0x00000000d9580000,0x00000000d9fff738,0x00000000da000000)
  to   space 10752K, 0% used [0x00000000de000000,0x00000000de000000,0x00000000dea80000)
 ParOldGen       total 175104K, used 769K [0x0000000080000000, 0x000000008ab00000, 0x00000000d5580000)
  object space 175104K, 0% used [0x0000000080000000,0x00000000800c0660,0x000000008ab00000)
 Metaspace       used 20832K, capacity 21112K, committed 21296K, reserved 1069056K
  class space    used 2301K, capacity 2408K, committed 2432K, reserved 1048576K
Event: 4.623 GC heap after
Heap after GC invocations=4 (full 0):
 PSYoungGen      total 141824K, used 10729K [0x00000000d5580000, 0x00000000dea80000, 0x0000000100000000)
  eden space 131072K, 0% used [0x00000000d5580000,0x00000000d5580000,0x00000000dd580000)
  from space 10752K, 99% used [0x00000000de000000,0x00000000dea7a448,0x00000000dea80000)
  to   space 10752K, 0% used [0x00000000dd580000,0x00000000dd580000,0x00000000de000000)
 ParOldGen       total 175104K, used 1418K [0x0000000080000000, 0x000000008ab00000, 0x00000000d5580000)
  object space 175104K, 0% used [0x0000000080000000,0x00000000801629c0,0x000000008ab00000)
 Metaspace       used 20832K, capacity 21112K, committed 21296K, reserved 1069056K
  class space    used 2301K, capacity 2408K, committed 2432K, reserved 1048576K
}
Event: 4.623 GC heap before
{Heap before GC invocations=5 (full 1):
 PSYoungGen      total 141824K, used 10729K [0x00000000d5580000, 0x00000000dea80000, 0x0000000100000000)
  eden space 131072K, 0% used [0x00000000d5580000,0x00000000d5580000,0x00000000dd580000)
  from space 10752K, 99% used [0x00000000de000000,0x00000000dea7a448,0x00000000dea80000)
  to   space 10752K, 0% used [0x00000000dd580000,0x00000000dd580000,0x00000000de000000)
 ParOldGen       total 175104K, used 1418K [0x0000000080000000, 0x000000008ab00000, 0x00000000d5580000)
  object space 175104K, 0% used [0x0000000080000000,0x00000000801629c0,0x000000008ab00000)
 Metaspace       used 20832K, capacity 21112K, committed 21296K, reserved 1069056K
  class space    used 2301K, capacity 2408K, committed 2432K, reserved 1048576K
Event: 4.686 GC heap after
Heap after GC invocations=5 (full 1):
 PSYoungGen      total 141824K, used 0K [0x00000000d5580000, 0x00000000dea80000, 0x0000000100000000)
  eden space 131072K, 0% used [0x00000000d5580000,0x00000000d5580000,0x00000000dd580000)
  from space 10752K, 0% used [0x00000000de000000,0x00000000de000000,0x00000000dea80000)
  to   space 10752K, 0% used [0x00000000dd580000,0x00000000dd580000,0x00000000de000000)
 ParOldGen       total 111104K, used 11375K [0x0000000080000000, 0x0000000086c80000, 0x00000000d5580000)
  object space 111104K, 10% used [0x0000000080000000,0x0000000080b1bcf8,0x0000000086c80000)
 Metaspace       used 20832K, capacity 21112K, committed 21296K, reserved 1069056K
  class space    used 2301K, capacity 2408K, committed 2432K, reserved 1048576K
}
Event: 6.577 GC heap before
{Heap before GC invocations=6 (full 1):
 PSYoungGen      total 141824K, used 131072K [0x00000000d5580000, 0x00000000dea80000, 0x0000000100000000)
  eden space 131072K, 100% used [0x00000000d5580000,0x00000000dd580000,0x00000000dd580000)
  from space 10752K, 0% used [0x00000000de000000,0x00000000de000000,0x00000000dea80000)
  to   space 10752K, 0% used [0x00000000dd580000,0x00000000dd580000,0x00000000de000000)
 ParOldGen       total 111104K, used 11375K [0x0000000080000000, 0x0000000086c80000, 0x00000000d5580000)
  object space 111104K, 10% used [0x0000000080000000,0x0000000080b1bcf8,0x0000000086c80000)
 Metaspace       used 21772K, capacity 22114K, committed 22192K, reserved 1069056K
  class space    used 2372K, capacity 2485K, committed 2560K, reserved 1048576K
Event: 6.585 GC heap after
Heap after GC invocations=6 (full 1):
 PSYoungGen      total 141824K, used 4830K [0x00000000d5580000, 0x00000000e2a80000, 0x0000000100000000)
  eden space 131072K, 0% used [0x00000000d5580000,0x00000000d5580000,0x00000000dd580000)
  from space 10752K, 44% used [0x00000000dd580000,0x00000000dda37a20,0x00000000de000000)
  to   space 13824K, 0% used [0x00000000e1d00000,0x00000000e1d00000,0x00000000e2a80000)
 ParOldGen       total 111104K, used 11375K [0x0000000080000000, 0x0000000086c80000, 0x00000000d5580000)
  object space 111104K, 10% used [0x0000000080000000,0x0000000080b1bcf8,0x0000000086c80000)
 Metaspace       used 21772K, capacity 22114K, committed 22192K, reserved 1069056K
  class space    used 2372K, capacity 2485K, committed 2560K, reserved 1048576K
}

