# JRE version: Java(TM) SE Runtime Environment (8.0_181-b13) (build 1.8.0_181-b13)
# Java VM: Java HotSpot(TM) 64-Bit Server VM (25.181-b13 mixed mode windows-amd64 compressed oops)
Heap:
 PSYoungGen      total 107520K, used 61559K [0x00000000d5580000, 0x00000000dcf80000, 0x0000000100000000)
  eden space 93696K, 57% used [0x00000000d5580000,0x00000000d8a7ab68,0x00000000db100000)
  from space 13824K, 52% used [0x00000000dbe00000,0x00000000dc523278,0x00000000dcb80000)
  to   space 13312K, 0% used [0x00000000db100000,0x00000000db100000,0x00000000dbe00000)
 ParOldGen       total 114688K, used 11863K [0x0000000080000000, 0x0000000087000000, 0x00000000d5580000)
  object space 114688K, 10% used [0x0000000080000000,0x0000000080b95d08,0x0000000087000000)
 Metaspace       used 30489K, capacity 31406K, committed 31616K, reserved 1077248K
  class space    used 3687K, capacity 3957K, committed 3968K, reserved 1048576K
GC Heap History (10 events):
Event: 4.117 GC heap before
{Heap before GC invocations=3 (full 0):
 PSYoungGen      total 76288K, used 72131K [0x00000000d5580000, 0x00000000daa80000, 0x0000000100000000)
  eden space 65536K, 100% used [0x00000000d5580000,0x00000000d9580000,0x00000000d9580000)
  from space 10752K, 61% used [0x00000000da000000,0x00000000da670c08,0x00000000daa80000)
  to   space 10752K, 0% used [0x00000000d9580000,0x00000000d9580000,0x00000000da000000)
 ParOldGen       total 175104K, used 24K [0x0000000080000000, 0x000000008ab00000, 0x00000000d5580000)
  object space 175104K, 0% used [0x0000000080000000,0x0000000080006000,0x000000008ab00000)
 Metaspace       used 18577K, capacity 18738K, committed 19072K, reserved 1067008K
  class space    used 2091K, capacity 2175K, committed 2176K, reserved 1048576K
Event: 4.129 GC heap after
Heap after GC invocations=3 (full 0):
 PSYoungGen      total 76288K, used 10634K [0x00000000d5580000, 0x00000000daa80000, 0x0000000100000000)
  eden space 65536K, 0% used [0x00000000d5580000,0x00000000d5580000,0x00000000d9580000)
  from space 10752K, 98% used [0x00000000d9580000,0x00000000d9fe2a38,0x00000000da000000)
  to   space 10752K, 0% used [0x00000000da000000,0x00000000da000000,0x00000000daa80000)
 ParOldGen       total 175104K, used 96K [0x0000000080000000, 0x000000008ab00000, 0x00000000d5580000)
  object space 175104K, 0% used [0x0000000080000000,0x0000000080018010,0x000000008ab00000)
 Metaspace       used 18577K, capacity 18738K, committed 19072K, reserved 1067008K
  class space    used 2091K, capacity 2175K, committed 2176K, reserved 1048576K
}
Event: 4.839 GC heap before
{Heap before GC invocations=4 (full 0):
 PSYoungGen      total 76288K, used 58636K [0x00000000d5580000, 0x00000000daa80000, 0x0000000100000000)
  eden space 65536K, 73% used [0x00000000d5580000,0x00000000d84608a0,0x00000000d9580000)
  from space 10752K, 98% used [0x00000000d9580000,0x00000000d9fe2a38,0x00000000da000000)
  to   space 10752K, 0% used [0x00000000da000000,0x00000000da000000,0x00000000daa80000)
 ParOldGen       total 175104K, used 96K [0x0000000080000000, 0x000000008ab00000, 0x00000000d5580000)
  object space 175104K, 0% used [0x0000000080000000,0x0000000080018010,0x000000008ab00000)
 Metaspace       used 20799K, capacity 21048K, committed 21296K, reserved 1069056K
  class space    used 2331K, capacity 2408K, committed 2432K, reserved 1048576K
Event: 4.853 GC heap after
Heap after GC invocations=4 (full 0):
 PSYoungGen      total 76288K, used 10725K [0x00000000d5580000, 0x00000000daa80000, 0x0000000100000000)
  eden space 65536K, 0% used [0x00000000d5580000,0x00000000d5580000,0x00000000d9580000)
  from space 10752K, 99% used [0x00000000da000000,0x00000000daa79530,0x00000000daa80000)
  to   space 10752K, 0% used [0x00000000d9580000,0x00000000d9580000,0x00000000da000000)
 ParOldGen       total 175104K, used 1272K [0x0000000080000000, 0x000000008ab00000, 0x00000000d5580000)
  object space 175104K, 0% used [0x0000000080000000,0x000000008013e270,0x000000008ab00000)
 Metaspace       used 20799K, capacity 21048K, committed 21296K, reserved 1069056K
  class space    used 2331K, capacity 2408K, committed 2432K, reserved 1048576K
}
Event: 4.853 GC heap before
{Heap before GC invocations=5 (full 1):
 PSYoungGen      total 76288K, used 10725K [0x00000000d5580000, 0x00000000daa80000, 0x0000000100000000)
  eden space 65536K, 0% used [0x00000000d5580000,0x00000000d5580000,0x00000000d9580000)
  from space 10752K, 99% used [0x00000000da000000,0x00000000daa79530,0x00000000daa80000)
  to   space 10752K, 0% used [0x00000000d9580000,0x00000000d9580000,0x00000000da000000)
 ParOldGen       total 175104K, used 1272K [0x0000000080000000, 0x000000008ab00000, 0x00000000d5580000)
  object space 175104K, 0% used [0x0000000080000000,0x000000008013e270,0x000000008ab00000)
 Metaspace       used 20799K, capacity 21048K, committed 21296K, reserved 1069056K
  class space    used 2331K, capacity 2408K, committed 2432K, reserved 1048576K
Event: 4.915 GC heap after
Heap after GC invocations=5 (full 1):
 PSYoungGen      total 76288K, used 0K [0x00000000d5580000, 0x00000000daa80000, 0x0000000100000000)
  eden space 65536K, 0% used [0x00000000d5580000,0x00000000d5580000,0x00000000d9580000)
  from space 10752K, 0% used [0x00000000da000000,0x00000000da000000,0x00000000daa80000)
  to   space 10752K, 0% used [0x00000000d9580000,0x00000000d9580000,0x00000000da000000)
 ParOldGen       total 114688K, used 11855K [0x0000000080000000, 0x0000000087000000, 0x00000000d5580000)
  object space 114688K, 10% used [0x0000000080000000,0x0000000080b93d08,0x0000000087000000)
 Metaspace       used 20799K, capacity 21048K, committed 21296K, reserved 1069056K
  class space    used 2331K, capacity 2408K, committed 2432K, reserved 1048576K
}
Event: 5.992 GC heap before
{Heap before GC invocations=6 (full 1):
 PSYoungGen      total 76288K, used 65536K [0x00000000d5580000, 0x00000000daa80000, 0x0000000100000000)
  eden space 65536K, 100% used [0x00000000d5580000,0x00000000d9580000,0x00000000d9580000)
  from space 10752K, 0% used [0x00000000da000000,0x00000000da000000,0x00000000daa80000)
  to   space 10752K, 0% used [0x00000000d9580000,0x00000000d9580000,0x00000000da000000)
 ParOldGen       total 114688K, used 11855K [0x0000000080000000, 0x0000000087000000, 0x00000000d5580000)
  object space 114688K, 10% used [0x0000000080000000,0x0000000080b93d08,0x0000000087000000)
 Metaspace       used 24477K, capacity 24848K, committed 25216K, reserved 1071104K
  class space    used 2815K, capacity 2942K, committed 2944K, reserved 1048576K
Event: 5.998 GC heap after
Heap after GC invocations=6 (full 1):
 PSYoungGen      total 76288K, used 4733K [0x00000000d5580000, 0x00000000dcb80000, 0x0000000100000000)
  eden space 65536K, 0% used [0x00000000d5580000,0x00000000d5580000,0x00000000d9580000)
  from space 10752K, 44% used [0x00000000d9580000,0x00000000d9a1f7c0,0x00000000da000000)
  to   space 13824K, 0% used [0x00000000dbe00000,0x00000000dbe00000,0x00000000dcb80000)
 ParOldGen       total 114688K, used 11863K [0x0000000080000000, 0x0000000087000000, 0x00000000d5580000)
  object space 114688K, 10% used [0x0000000080000000,0x0000000080b95d08,0x0000000087000000)
 Metaspace       used 24477K, capacity 24848K, committed 25216K, reserved 1071104K
  class space    used 2815K, capacity 2942K, committed 2944K, reserved 1048576K
}
Event: 6.613 GC heap before
{Heap before GC invocations=7 (full 1):
 PSYoungGen      total 76288K, used 70269K [0x00000000d5580000, 0x00000000dcb80000, 0x0000000100000000)
  eden space 65536K, 100% used [0x00000000d5580000,0x00000000d9580000,0x00000000d9580000)
  from space 10752K, 44% used [0x00000000d9580000,0x00000000d9a1f7c0,0x00000000da000000)
  to   space 13824K, 0% used [0x00000000dbe00000,0x00000000dbe00000,0x00000000dcb80000)
 ParOldGen       total 114688K, used 11863K [0x0000000080000000, 0x0000000087000000, 0x00000000d5580000)
  object space 114688K, 10% used [0x0000000080000000,0x0000000080b95d08,0x0000000087000000)
 Metaspace       used 25848K, capacity 26264K, committed 26496K, reserved 1073152K
  class space    used 3017K, capacity 3154K, committed 3200K, reserved 1048576K
Event: 6.627 GC heap after
Heap after GC invocations=7 (full 1):
 PSYoungGen      total 107520K, used 7308K [0x00000000d5580000, 0x00000000dcf80000, 0x0000000100000000)
  eden space 93696K, 0% used [0x00000000d5580000,0x00000000d5580000,0x00000000db100000)
  from space 13824K, 52% used [0x00000000dbe00000,0x00000000dc523278,0x00000000dcb80000)
  to   space 13312K, 0% used [0x00000000db100000,0x00000000db100000,0x00000000dbe00000)
 ParOldGen       total 114688K, used 11863K [0x0000000080000000, 0x0000000087000000, 0x00000000d5580000)
  object space 114688K, 10% used [0x0000000080000000,0x0000000080b95d08,0x0000000087000000)
 Metaspace       used 25848K, capacity 26264K, committed 26496K, reserved 1073152K
  class space    used 3017K, capacity 3154K, committed 3200K, reserved 1048576K
}

