# JRE version: Java(TM) SE Runtime Environment (8.0_181-b13) (build 1.8.0_181-b13)
# Java VM: Java HotSpot(TM) 64-Bit Server VM (25.181-b13 mixed mode windows-amd64 compressed oops)
Heap:
 PSYoungGen      total 141824K, used 102738K [0x00000000d5580000, 0x00000000dea80000, 0x0000000100000000)
  eden space 131072K, 78% used [0x00000000d5580000,0x00000000db9d4b18,0x00000000dd580000)
  from space 10752K, 0% used [0x00000000de000000,0x00000000de000000,0x00000000dea80000)
  to   space 10752K, 0% used [0x00000000dd580000,0x00000000dd580000,0x00000000de000000)
 ParOldGen       total 105472K, used 15012K [0x0000000080000000, 0x0000000086700000, 0x00000000d5580000)
  object space 105472K, 14% used [0x0000000080000000,0x0000000080ea9300,0x0000000086700000)
 Metaspace       used 28526K, capacity 29392K, committed 29568K, reserved 1075200K
  class space    used 3448K, capacity 3661K, committed 3712K, reserved 1048576K
GC Heap History (10 events):
Event: 2.487 GC heap before
{Heap before GC invocations=1 (full 0):
 PSYoungGen      total 76288K, used 65536K [0x00000000d5580000, 0x00000000daa80000, 0x0000000100000000)
  eden space 65536K, 100% used [0x00000000d5580000,0x00000000d9580000,0x00000000d9580000)
  from space 10752K, 0% used [0x00000000da000000,0x00000000da000000,0x00000000daa80000)
  to   space 10752K, 0% used [0x00000000d9580000,0x00000000d9580000,0x00000000da000000)
 ParOldGen       total 175104K, used 0K [0x0000000080000000, 0x000000008ab00000, 0x00000000d5580000)
  object space 175104K, 0% used [0x0000000080000000,0x0000000080000000,0x000000008ab00000)
 Metaspace       used 9983K, capacity 10150K, committed 10496K, reserved 1058816K
  class space    used 1123K, capacity 1169K, committed 1280K, reserved 1048576K
Event: 2.498 GC heap after
Heap after GC invocations=1 (full 0):
 PSYoungGen      total 76288K, used 7209K [0x00000000d5580000, 0x00000000daa80000, 0x0000000100000000)
  eden space 65536K, 0% used [0x00000000d5580000,0x00000000d5580000,0x00000000d9580000)
  from space 10752K, 67% used [0x00000000d9580000,0x00000000d9c8a798,0x00000000da000000)
  to   space 10752K, 0% used [0x00000000da000000,0x00000000da000000,0x00000000daa80000)
 ParOldGen       total 175104K, used 8K [0x0000000080000000, 0x000000008ab00000, 0x00000000d5580000)
  object space 175104K, 0% used [0x0000000080000000,0x0000000080002000,0x000000008ab00000)
 Metaspace       used 9983K, capacity 10150K, committed 10496K, reserved 1058816K
  class space    used 1123K, capacity 1169K, committed 1280K, reserved 1048576K
}
Event: 3.650 GC heap before
{Heap before GC invocations=2 (full 0):
 PSYoungGen      total 76288K, used 72745K [0x00000000d5580000, 0x00000000daa80000, 0x0000000100000000)
  eden space 65536K, 100% used [0x00000000d5580000,0x00000000d9580000,0x00000000d9580000)
  from space 10752K, 67% used [0x00000000d9580000,0x00000000d9c8a798,0x00000000da000000)
  to   space 10752K, 0% used [0x00000000da000000,0x00000000da000000,0x00000000daa80000)
 ParOldGen       total 175104K, used 8K [0x0000000080000000, 0x000000008ab00000, 0x00000000d5580000)
  object space 175104K, 0% used [0x0000000080000000,0x0000000080002000,0x000000008ab00000)
 Metaspace       used 16688K, capacity 16810K, committed 17024K, reserved 1064960K
  class space    used 1827K, capacity 1899K, committed 1920K, reserved 1048576K
Event: 3.664 GC heap after
Heap after GC invocations=2 (full 0):
 PSYoungGen      total 76288K, used 9241K [0x00000000d5580000, 0x00000000daa80000, 0x0000000100000000)
  eden space 65536K, 0% used [0x00000000d5580000,0x00000000d5580000,0x00000000d9580000)
  from space 10752K, 85% used [0x00000000da000000,0x00000000da906678,0x00000000daa80000)
  to   space 10752K, 0% used [0x00000000d9580000,0x00000000d9580000,0x00000000da000000)
 ParOldGen       total 175104K, used 16K [0x0000000080000000, 0x000000008ab00000, 0x00000000d5580000)
  object space 175104K, 0% used [0x0000000080000000,0x0000000080004000,0x000000008ab00000)
 Metaspace       used 16688K, capacity 16810K, committed 17024K, reserved 1064960K
  class space    used 1827K, capacity 1899K, committed 1920K, reserved 1048576K
}
Event: 5.420 GC heap before
{Heap before GC invocations=3 (full 0):
 PSYoungGen      total 76288K, used 74777K [0x00000000d5580000, 0x00000000daa80000, 0x0000000100000000)
  eden space 65536K, 100% used [0x00000000d5580000,0x00000000d9580000,0x00000000d9580000)
  from space 10752K, 85% used [0x00000000da000000,0x00000000da906678,0x00000000daa80000)
  to   space 10752K, 0% used [0x00000000d9580000,0x00000000d9580000,0x00000000da000000)
 ParOldGen       total 175104K, used 16K [0x0000000080000000, 0x000000008ab00000, 0x00000000d5580000)
  object space 175104K, 0% used [0x0000000080000000,0x0000000080004000,0x000000008ab00000)
 Metaspace       used 20471K, capacity 20730K, committed 21120K, reserved 1069056K
  class space    used 2281K, capacity 2370K, committed 2432K, reserved 1048576K
Event: 5.454 GC heap after
Heap after GC invocations=3 (full 0):
 PSYoungGen      total 76288K, used 10737K [0x00000000d5580000, 0x00000000dea80000, 0x0000000100000000)
  eden space 65536K, 0% used [0x00000000d5580000,0x00000000d5580000,0x00000000d9580000)
  from space 10752K, 99% used [0x00000000d9580000,0x00000000d9ffc7c8,0x00000000da000000)
  to   space 10752K, 0% used [0x00000000de000000,0x00000000de000000,0x00000000dea80000)
 ParOldGen       total 175104K, used 2297K [0x0000000080000000, 0x000000008ab00000, 0x00000000d5580000)
  object space 175104K, 1% used [0x0000000080000000,0x000000008023e560,0x000000008ab00000)
 Metaspace       used 20471K, capacity 20730K, committed 21120K, reserved 1069056K
  class space    used 2281K, capacity 2370K, committed 2432K, reserved 1048576K
}
Event: 5.760 GC heap before
{Heap before GC invocations=4 (full 0):
 PSYoungGen      total 76288K, used 25088K [0x00000000d5580000, 0x00000000dea80000, 0x0000000100000000)
  eden space 65536K, 21% used [0x00000000d5580000,0x00000000d6383968,0x00000000d9580000)
  from space 10752K, 99% used [0x00000000d9580000,0x00000000d9ffc7c8,0x00000000da000000)
  to   space 10752K, 0% used [0x00000000de000000,0x00000000de000000,0x00000000dea80000)
 ParOldGen       total 175104K, used 2297K [0x0000000080000000, 0x000000008ab00000, 0x00000000d5580000)
  object space 175104K, 1% used [0x0000000080000000,0x000000008023e560,0x000000008ab00000)
 Metaspace       used 20840K, capacity 21106K, committed 21296K, reserved 1069056K
  class space    used 2328K, capacity 2410K, committed 2432K, reserved 1048576K
Event: 5.846 GC heap after
Heap after GC invocations=4 (full 0):
 PSYoungGen      total 141824K, used 10720K [0x00000000d5580000, 0x00000000dea80000, 0x0000000100000000)
  eden space 131072K, 0% used [0x00000000d5580000,0x00000000d5580000,0x00000000dd580000)
  from space 10752K, 99% used [0x00000000de000000,0x00000000dea78288,0x00000000dea80000)
  to   space 10752K, 0% used [0x00000000dd580000,0x00000000dd580000,0x00000000de000000)
 ParOldGen       total 175104K, used 4515K [0x0000000080000000, 0x000000008ab00000, 0x00000000d5580000)
  object space 175104K, 2% used [0x0000000080000000,0x0000000080468e68,0x000000008ab00000)
 Metaspace       used 20840K, capacity 21106K, committed 21296K, reserved 1069056K
  class space    used 2328K, capacity 2410K, committed 2432K, reserved 1048576K
}
Event: 5.846 GC heap before
{Heap before GC invocations=5 (full 1):
 PSYoungGen      total 141824K, used 10720K [0x00000000d5580000, 0x00000000dea80000, 0x0000000100000000)
  eden space 131072K, 0% used [0x00000000d5580000,0x00000000d5580000,0x00000000dd580000)
  from space 10752K, 99% used [0x00000000de000000,0x00000000dea78288,0x00000000dea80000)
  to   space 10752K, 0% used [0x00000000dd580000,0x00000000dd580000,0x00000000de000000)
 ParOldGen       total 175104K, used 4515K [0x0000000080000000, 0x000000008ab00000, 0x00000000d5580000)
  object space 175104K, 2% used [0x0000000080000000,0x0000000080468e68,0x000000008ab00000)
 Metaspace       used 20840K, capacity 21106K, committed 21296K, reserved 1069056K
  class space    used 2328K, capacity 2410K, committed 2432K, reserved 1048576K
Event: 6.030 GC heap after
Heap after GC invocations=5 (full 1):
 PSYoungGen      total 141824K, used 0K [0x00000000d5580000, 0x00000000dea80000, 0x0000000100000000)
  eden space 131072K, 0% used [0x00000000d5580000,0x00000000d5580000,0x00000000dd580000)
  from space 10752K, 0% used [0x00000000de000000,0x00000000de000000,0x00000000dea80000)
  to   space 10752K, 0% used [0x00000000dd580000,0x00000000dd580000,0x00000000de000000)
 ParOldGen       total 105472K, used 15012K [0x0000000080000000, 0x0000000086700000, 0x00000000d5580000)
  object space 105472K, 14% used [0x0000000080000000,0x0000000080ea9300,0x0000000086700000)
 Metaspace       used 20840K, capacity 21106K, committed 21296K, reserved 1069056K
  class space    used 2328K, capacity 2410K, committed 2432K, reserved 1048576K
}

