# JRE version: Java(TM) SE Runtime Environment (8.0_181-b13) (build 1.8.0_181-b13)
# Java VM: Java HotSpot(TM) 64-Bit Server VM (25.181-b13 mixed mode windows-amd64 compressed oops)
Heap:
 PSYoungGen      total 515072K, used 193589K [0x00000000d5580000, 0x00000000f6b00000, 0x0000000100000000)
  eden space 496640K, 35% used [0x00000000d5580000,0x00000000e00e75e8,0x00000000f3a80000)
  from space 18432K, 98% used [0x00000000f5900000,0x00000000f6aa6118,0x00000000f6b00000)
  to   space 23552K, 0% used [0x00000000f3d00000,0x00000000f3d00000,0x00000000f5400000)
 ParOldGen       total 174080K, used 31230K [0x0000000080000000, 0x000000008aa00000, 0x00000000d5580000)
  object space 174080K, 17% used [0x0000000080000000,0x0000000081e7f968,0x000000008aa00000)
 Metaspace       used 41340K, capacity 42826K, committed 43136K, reserved 1087488K
  class space    used 4942K, capacity 5386K, committed 5504K, reserved 1048576K
GC Heap History (10 events):
Event: 46.640 GC heap before
{Heap before GC invocations=20 (full 1):
 PSYoungGen      total 403968K, used 401169K [0x00000000d5580000, 0x00000000efb00000, 0x0000000100000000)
  eden space 384512K, 99% used [0x00000000d5580000,0x00000000ecc03bc0,0x00000000ecd00000)
  from space 19456K, 90% used [0x00000000ee800000,0x00000000ef940908,0x00000000efb00000)
  to   space 23552K, 0% used [0x00000000ecd00000,0x00000000ecd00000,0x00000000ee400000)
 ParOldGen       total 111104K, used 27480K [0x0000000080000000, 0x0000000086c80000, 0x00000000d5580000)
  object space 111104K, 24% used [0x0000000080000000,0x0000000081ad6288,0x0000000086c80000)
 Metaspace       used 33907K, capacity 35056K, committed 35328K, reserved 1081344K
  class space    used 3974K, capacity 4253K, committed 4352K, reserved 1048576K
Event: 46.647 GC heap after
Heap after GC invocations=20 (full 1):
 PSYoungGen      total 408064K, used 9923K [0x00000000d5580000, 0x00000000f1980000, 0x0000000100000000)
  eden space 384512K, 0% used [0x00000000d5580000,0x00000000d5580000,0x00000000ecd00000)
  from space 23552K, 42% used [0x00000000ecd00000,0x00000000ed6b0ca8,0x00000000ee400000)
  to   space 23552K, 0% used [0x00000000f0280000,0x00000000f0280000,0x00000000f1980000)
 ParOldGen       total 111104K, used 27488K [0x0000000080000000, 0x0000000086c80000, 0x00000000d5580000)
  object space 111104K, 24% used [0x0000000080000000,0x0000000081ad8288,0x0000000086c80000)
 Metaspace       used 33907K, capacity 35056K, committed 35328K, reserved 1081344K
  class space    used 3974K, capacity 4253K, committed 4352K, reserved 1048576K
}
Event: 47.645 GC heap before
{Heap before GC invocations=21 (full 1):
 PSYoungGen      total 408064K, used 140342K [0x00000000d5580000, 0x00000000f1980000, 0x0000000100000000)
  eden space 384512K, 33% used [0x00000000d5580000,0x00000000dd4dcf18,0x00000000ecd00000)
  from space 23552K, 42% used [0x00000000ecd00000,0x00000000ed6b0ca8,0x00000000ee400000)
  to   space 23552K, 0% used [0x00000000f0280000,0x00000000f0280000,0x00000000f1980000)
 ParOldGen       total 111104K, used 27488K [0x0000000080000000, 0x0000000086c80000, 0x00000000d5580000)
  object space 111104K, 24% used [0x0000000080000000,0x0000000081ad8288,0x0000000086c80000)
 Metaspace       used 34168K, capacity 35404K, committed 35496K, reserved 1081344K
  class space    used 3989K, capacity 4324K, committed 4352K, reserved 1048576K
Event: 47.674 GC heap after
Heap after GC invocations=21 (full 1):
 PSYoungGen      total 438784K, used 17167K [0x00000000d5580000, 0x00000000f3f80000, 0x0000000100000000)
  eden space 415232K, 0% used [0x00000000d5580000,0x00000000d5580000,0x00000000eeb00000)
  from space 23552K, 72% used [0x00000000f0280000,0x00000000f1343c00,0x00000000f1980000)
  to   space 24064K, 0% used [0x00000000eeb00000,0x00000000eeb00000,0x00000000f0280000)
 ParOldGen       total 111104K, used 27488K [0x0000000080000000, 0x0000000086c80000, 0x00000000d5580000)
  object space 111104K, 24% used [0x0000000080000000,0x0000000081ad8288,0x0000000086c80000)
 Metaspace       used 34168K, capacity 35404K, committed 35496K, reserved 1081344K
  class space    used 3989K, capacity 4324K, committed 4352K, reserved 1048576K
}
Event: 47.674 GC heap before
{Heap before GC invocations=22 (full 2):
 PSYoungGen      total 438784K, used 17167K [0x00000000d5580000, 0x00000000f3f80000, 0x0000000100000000)
  eden space 415232K, 0% used [0x00000000d5580000,0x00000000d5580000,0x00000000eeb00000)
  from space 23552K, 72% used [0x00000000f0280000,0x00000000f1343c00,0x00000000f1980000)
  to   space 24064K, 0% used [0x00000000eeb00000,0x00000000eeb00000,0x00000000f0280000)
 ParOldGen       total 111104K, used 27488K [0x0000000080000000, 0x0000000086c80000, 0x00000000d5580000)
  object space 111104K, 24% used [0x0000000080000000,0x0000000081ad8288,0x0000000086c80000)
 Metaspace       used 34168K, capacity 35404K, committed 35496K, reserved 1081344K
  class space    used 3989K, capacity 4324K, committed 4352K, reserved 1048576K
Event: 47.744 GC heap after
Heap after GC invocations=22 (full 2):
 PSYoungGen      total 438784K, used 0K [0x00000000d5580000, 0x00000000f3f80000, 0x0000000100000000)
  eden space 415232K, 0% used [0x00000000d5580000,0x00000000d5580000,0x00000000eeb00000)
  from space 23552K, 0% used [0x00000000f0280000,0x00000000f0280000,0x00000000f1980000)
  to   space 24064K, 0% used [0x00000000eeb00000,0x00000000eeb00000,0x00000000f0280000)
 ParOldGen       total 174080K, used 31214K [0x0000000080000000, 0x000000008aa00000, 0x00000000d5580000)
  object space 174080K, 17% used [0x0000000080000000,0x0000000081e7b968,0x000000008aa00000)
 Metaspace       used 34168K, capacity 35404K, committed 35496K, reserved 1081344K
  class space    used 3989K, capacity 4324K, committed 4352K, reserved 1048576K
}
Event: 51.292 GC heap before
{Heap before GC invocations=23 (full 2):
 PSYoungGen      total 438784K, used 415232K [0x00000000d5580000, 0x00000000f3f80000, 0x0000000100000000)
  eden space 415232K, 100% used [0x00000000d5580000,0x00000000eeb00000,0x00000000eeb00000)
  from space 23552K, 0% used [0x00000000f0280000,0x00000000f0280000,0x00000000f1980000)
  to   space 24064K, 0% used [0x00000000eeb00000,0x00000000eeb00000,0x00000000f0280000)
 ParOldGen       total 174080K, used 31214K [0x0000000080000000, 0x000000008aa00000, 0x00000000d5580000)
  object space 174080K, 17% used [0x0000000080000000,0x0000000081e7b968,0x000000008aa00000)
 Metaspace       used 41248K, capacity 42672K, committed 43136K, reserved 1087488K
  class space    used 4939K, capacity 5381K, committed 5504K, reserved 1048576K
Event: 51.302 GC heap after
Heap after GC invocations=23 (full 2):
 PSYoungGen      total 439296K, used 12936K [0x00000000d5580000, 0x00000000f7000000, 0x0000000100000000)
  eden space 415232K, 0% used [0x00000000d5580000,0x00000000d5580000,0x00000000eeb00000)
  from space 24064K, 53% used [0x00000000eeb00000,0x00000000ef7a2108,0x00000000f0280000)
  to   space 23552K, 0% used [0x00000000f5900000,0x00000000f5900000,0x00000000f7000000)
 ParOldGen       total 174080K, used 31222K [0x0000000080000000, 0x000000008aa00000, 0x00000000d5580000)
  object space 174080K, 17% used [0x0000000080000000,0x0000000081e7d968,0x000000008aa00000)
 Metaspace       used 41248K, capacity 42672K, committed 43136K, reserved 1087488K
  class space    used 4939K, capacity 5381K, committed 5504K, reserved 1048576K
}
Event: 56.897 GC heap before
{Heap before GC invocations=24 (full 2):
 PSYoungGen      total 439296K, used 426832K [0x00000000d5580000, 0x00000000f7000000, 0x0000000100000000)
  eden space 415232K, 99% used [0x00000000d5580000,0x00000000ee9b20d0,0x00000000eeb00000)
  from space 24064K, 53% used [0x00000000eeb00000,0x00000000ef7a2108,0x00000000f0280000)
  to   space 23552K, 0% used [0x00000000f5900000,0x00000000f5900000,0x00000000f7000000)
 ParOldGen       total 174080K, used 31222K [0x0000000080000000, 0x000000008aa00000, 0x00000000d5580000)
  object space 174080K, 17% used [0x0000000080000000,0x0000000081e7d968,0x000000008aa00000)
 Metaspace       used 41306K, capacity 42816K, committed 43136K, reserved 1087488K
  class space    used 4941K, capacity 5384K, committed 5504K, reserved 1048576K
Event: 56.909 GC heap after
Heap after GC invocations=24 (full 2):
 PSYoungGen      total 515072K, used 18072K [0x00000000d5580000, 0x00000000f6b00000, 0x0000000100000000)
  eden space 496640K, 0% used [0x00000000d5580000,0x00000000d5580000,0x00000000f3a80000)
  from space 18432K, 98% used [0x00000000f5900000,0x00000000f6aa6118,0x00000000f6b00000)
  to   space 23552K, 0% used [0x00000000f3d00000,0x00000000f3d00000,0x00000000f5400000)
 ParOldGen       total 174080K, used 31230K [0x0000000080000000, 0x000000008aa00000, 0x00000000d5580000)
  object space 174080K, 17% used [0x0000000080000000,0x0000000081e7f968,0x000000008aa00000)
 Metaspace       used 41306K, capacity 42816K, committed 43136K, reserved 1087488K
  class space    used 4941K, capacity 5384K, committed 5504K, reserved 1048576K
}

