# JRE version: Java(TM) SE Runtime Environment (8.0_181-b13) (build 1.8.0_181-b13)
# Java VM: Java HotSpot(TM) 64-Bit Server VM (25.181-b13 mixed mode windows-amd64 compressed oops)
Heap:
 PSYoungGen      total 540160K, used 66461K [0x00000000d5580000, 0x00000000fdb80000, 0x0000000100000000)
  eden space 513024K, 12% used [0x00000000d5580000,0x00000000d9667748,0x00000000f4a80000)
  from space 27136K, 0% used [0x00000000f4a80000,0x00000000f4a80000,0x00000000f6500000)
  to   space 27648K, 0% used [0x00000000fc080000,0x00000000fc080000,0x00000000fdb80000)
 ParOldGen       total 446976K, used 347364K [0x0000000080000000, 0x000000009b480000, 0x00000000d5580000)
  object space 446976K, 77% used [0x0000000080000000,0x0000000095339168,0x000000009b480000)
 Metaspace       used 75208K, capacity 81898K, committed 82176K, reserved 1120256K
  class space    used 8814K, capacity 10998K, committed 11008K, reserved 1048576K
GC Heap History (10 events):
Event: 1762.068 GC heap before
{Heap before GC invocations=1092 (full 7):
 PSYoungGen      total 537600K, used 523606K [0x00000000d5580000, 0x00000000f7f80000, 0x0000000100000000)
  eden space 513024K, 100% used [0x00000000d5580000,0x00000000f4a80000,0x00000000f4a80000)
  from space 24576K, 43% used [0x00000000f6780000,0x00000000f71d5be0,0x00000000f7f80000)
  to   space 27136K, 0% used [0x00000000f4a80000,0x00000000f4a80000,0x00000000f6500000)
 ParOldGen       total 428032K, used 327428K [0x0000000080000000, 0x000000009a200000, 0x00000000d5580000)
  object space 428032K, 76% used [0x0000000080000000,0x0000000093fc1190,0x000000009a200000)
 Metaspace       used 72593K, capacity 78978K, committed 79232K, reserved 1118208K
  class space    used 8587K, capacity 10792K, committed 10880K, reserved 1048576K
Event: 1762.101 GC heap after
Heap after GC invocations=1092 (full 7):
 PSYoungGen      total 540160K, used 15887K [0x00000000d5580000, 0x00000000fdb80000, 0x0000000100000000)
  eden space 513024K, 0% used [0x00000000d5580000,0x00000000d5580000,0x00000000f4a80000)
  from space 27136K, 58% used [0x00000000f4a80000,0x00000000f5a03d20,0x00000000f6500000)
  to   space 27648K, 0% used [0x00000000fc080000,0x00000000fc080000,0x00000000fdb80000)
 ParOldGen       total 428032K, used 332499K [0x0000000080000000, 0x000000009a200000, 0x00000000d5580000)
  object space 428032K, 77% used [0x0000000080000000,0x00000000944b4ec0,0x000000009a200000)
 Metaspace       used 72593K, capacity 78978K, committed 79232K, reserved 1118208K
  class space    used 8587K, capacity 10792K, committed 10880K, reserved 1048576K
}
Event: 1764.344 GC heap before
{Heap before GC invocations=1093 (full 7):
 PSYoungGen      total 540160K, used 528911K [0x00000000d5580000, 0x00000000fdb80000, 0x0000000100000000)
  eden space 513024K, 100% used [0x00000000d5580000,0x00000000f4a80000,0x00000000f4a80000)
  from space 27136K, 58% used [0x00000000f4a80000,0x00000000f5a03d20,0x00000000f6500000)
  to   space 27648K, 0% used [0x00000000fc080000,0x00000000fc080000,0x00000000fdb80000)
 ParOldGen       total 428032K, used 332499K [0x0000000080000000, 0x000000009a200000, 0x00000000d5580000)
  object space 428032K, 77% used [0x0000000080000000,0x00000000944b4ec0,0x000000009a200000)
 Metaspace       used 72808K, capacity 79358K, committed 79488K, reserved 1118208K
  class space    used 8605K, capacity 10816K, committed 10880K, reserved 1048576K
Event: 1764.403 GC heap after
Heap after GC invocations=1093 (full 7):
 PSYoungGen      total 540672K, used 27622K [0x00000000d5580000, 0x00000000fdb80000, 0x0000000100000000)
  eden space 513024K, 0% used [0x00000000d5580000,0x00000000d5580000,0x00000000f4a80000)
  from space 27648K, 99% used [0x00000000fc080000,0x00000000fdb79b40,0x00000000fdb80000)
  to   space 27136K, 0% used [0x00000000f4a80000,0x00000000f4a80000,0x00000000f6500000)
 ParOldGen       total 428032K, used 347998K [0x0000000080000000, 0x000000009a200000, 0x00000000d5580000)
  object space 428032K, 81% used [0x0000000080000000,0x00000000953d7bc0,0x000000009a200000)
 Metaspace       used 72808K, capacity 79358K, committed 79488K, reserved 1118208K
  class space    used 8605K, capacity 10816K, committed 10880K, reserved 1048576K
}
Event: 1767.447 GC heap before
{Heap before GC invocations=1094 (full 7):
 PSYoungGen      total 540672K, used 540646K [0x00000000d5580000, 0x00000000fdb80000, 0x0000000100000000)
  eden space 513024K, 100% used [0x00000000d5580000,0x00000000f4a80000,0x00000000f4a80000)
  from space 27648K, 99% used [0x00000000fc080000,0x00000000fdb79b40,0x00000000fdb80000)
  to   space 27136K, 0% used [0x00000000f4a80000,0x00000000f4a80000,0x00000000f6500000)
 ParOldGen       total 428032K, used 347998K [0x0000000080000000, 0x000000009a200000, 0x00000000d5580000)
  object space 428032K, 81% used [0x0000000080000000,0x00000000953d7bc0,0x000000009a200000)
 Metaspace       used 75137K, capacity 81764K, committed 81920K, reserved 1120256K
  class space    used 8812K, capacity 10997K, committed 11008K, reserved 1048576K
Event: 1767.514 GC heap after
Heap after GC invocations=1094 (full 7):
 PSYoungGen      total 540160K, used 22749K [0x00000000d5580000, 0x00000000fdb80000, 0x0000000100000000)
  eden space 513024K, 0% used [0x00000000d5580000,0x00000000d5580000,0x00000000f4a80000)
  from space 27136K, 83% used [0x00000000f4a80000,0x00000000f60b7430,0x00000000f6500000)
  to   space 27648K, 0% used [0x00000000fc080000,0x00000000fc080000,0x00000000fdb80000)
 ParOldGen       total 428032K, used 383687K [0x0000000080000000, 0x000000009a200000, 0x00000000d5580000)
  object space 428032K, 89% used [0x0000000080000000,0x00000000976b1e10,0x000000009a200000)
 Metaspace       used 75137K, capacity 81764K, committed 81920K, reserved 1120256K
  class space    used 8812K, capacity 10997K, committed 11008K, reserved 1048576K
}
Event: 1770.541 GC heap before
{Heap before GC invocations=1095 (full 7):
 PSYoungGen      total 540160K, used 535760K [0x00000000d5580000, 0x00000000fdb80000, 0x0000000100000000)
  eden space 513024K, 99% used [0x00000000d5580000,0x00000000f4a7cdd8,0x00000000f4a80000)
  from space 27136K, 83% used [0x00000000f4a80000,0x00000000f60b7430,0x00000000f6500000)
  to   space 27648K, 0% used [0x00000000fc080000,0x00000000fc080000,0x00000000fdb80000)
 ParOldGen       total 428032K, used 383687K [0x0000000080000000, 0x000000009a200000, 0x00000000d5580000)
  object space 428032K, 89% used [0x0000000080000000,0x00000000976b1e10,0x000000009a200000)
 Metaspace       used 75208K, capacity 81898K, committed 82176K, reserved 1120256K
  class space    used 8814K, capacity 10998K, committed 11008K, reserved 1048576K
Event: 1770.663 GC heap after
Heap after GC invocations=1095 (full 7):
 PSYoungGen      total 540160K, used 535760K [0x00000000d5580000, 0x00000000fdb80000, 0x0000000100000000)
  eden space 513024K, 99% used [0x00000000d5580000,0x00000000f4a7cdd8,0x00000000f4a80000)
  from space 27136K, 83% used [0x00000000f4a80000,0x00000000f60b7430,0x00000000f6500000)
  to   space 27648K, 99% used [0x00000000fc080000,0x00000000fdb44c60,0x00000000fdb80000)
 ParOldGen       total 446976K, used 446831K [0x0000000080000000, 0x000000009b480000, 0x00000000d5580000)
  object space 446976K, 99% used [0x0000000080000000,0x000000009b45bd30,0x000000009b480000)
 Metaspace       used 75208K, capacity 81898K, committed 82176K, reserved 1120256K
  class space    used 8814K, capacity 10998K, committed 11008K, reserved 1048576K
}
Event: 1770.663 GC heap before
{Heap before GC invocations=1096 (full 8):
 PSYoungGen      total 540160K, used 535760K [0x00000000d5580000, 0x00000000fdb80000, 0x0000000100000000)
  eden space 513024K, 99% used [0x00000000d5580000,0x00000000f4a7cdd8,0x00000000f4a80000)
  from space 27136K, 83% used [0x00000000f4a80000,0x00000000f60b7430,0x00000000f6500000)
  to   space 27648K, 99% used [0x00000000fc080000,0x00000000fdb44c60,0x00000000fdb80000)
 ParOldGen       total 446976K, used 446831K [0x0000000080000000, 0x000000009b480000, 0x00000000d5580000)
  object space 446976K, 99% used [0x0000000080000000,0x000000009b45bd30,0x000000009b480000)
 Metaspace       used 75208K, capacity 81898K, committed 82176K, reserved 1120256K
  class space    used 8814K, capacity 10998K, committed 11008K, reserved 1048576K
Event: 1771.081 GC heap after
Heap after GC invocations=1096 (full 8):
 PSYoungGen      total 540160K, used 0K [0x00000000d5580000, 0x00000000fdb80000, 0x0000000100000000)
  eden space 513024K, 0% used [0x00000000d5580000,0x00000000d5580000,0x00000000f4a80000)
  from space 27136K, 0% used [0x00000000f4a80000,0x00000000f4a80000,0x00000000f6500000)
  to   space 27648K, 0% used [0x00000000fc080000,0x00000000fc080000,0x00000000fdb80000)
 ParOldGen       total 446976K, used 347364K [0x0000000080000000, 0x000000009b480000, 0x00000000d5580000)
  object space 446976K, 77% used [0x0000000080000000,0x0000000095339168,0x000000009b480000)
 Metaspace       used 75208K, capacity 81898K, committed 82176K, reserved 1120256K
  class space    used 8814K, capacity 10998K, committed 11008K, reserved 1048576K
}

