# JRE version: Java(TM) SE Runtime Environment (8.0_181-b13) (build 1.8.0_181-b13)
# Java VM: Java HotSpot(TM) 64-Bit Server VM (25.181-b13 mixed mode windows-amd64 compressed oops)
Heap:
 PSYoungGen      total 389120K, used 259296K [0x00000000d5580000, 0x00000000ee780000, 0x0000000100000000)
  eden space 370688K, 66% used [0x00000000d5580000,0x00000000e45a6968,0x00000000ebf80000)
  from space 18432K, 72% used [0x00000000ec380000,0x00000000ed091830,0x00000000ed580000)
  to   space 13824K, 0% used [0x00000000eda00000,0x00000000eda00000,0x00000000ee780000)
 ParOldGen       total 92160K, used 37666K [0x0000000080000000, 0x0000000085a00000, 0x00000000d5580000)
  object space 92160K, 40% used [0x0000000080000000,0x00000000824c8ab8,0x0000000085a00000)
 Metaspace       used 32324K, capacity 33372K, committed 33536K, reserved 1079296K
  class space    used 3786K, capacity 4080K, committed 4096K, reserved 1048576K
GC Heap History (10 events):
Event: 11.902 GC heap before
{Heap before GC invocations=10 (full 1):
 PSYoungGen      total 212480K, used 211319K [0x00000000d5580000, 0x00000000e3500000, 0x0000000100000000)
  eden space 200192K, 99% used [0x00000000d5580000,0x00000000e17f5c58,0x00000000e1900000)
  from space 12288K, 99% used [0x00000000e2900000,0x00000000e34e82c0,0x00000000e3500000)
  to   space 14336K, 0% used [0x00000000e1900000,0x00000000e1900000,0x00000000e2700000)
 ParOldGen       total 92160K, used 24599K [0x0000000080000000, 0x0000000085a00000, 0x00000000d5580000)
  object space 92160K, 26% used [0x0000000080000000,0x0000000081805f58,0x0000000085a00000)
 Metaspace       used 28747K, capacity 29386K, committed 29696K, reserved 1075200K
  class space    used 3298K, capacity 3505K, committed 3584K, reserved 1048576K
Event: 11.919 GC heap after
Heap after GC invocations=10 (full 1):
 PSYoungGen      total 214528K, used 13493K [0x00000000d5580000, 0x00000000e8900000, 0x0000000100000000)
  eden space 200192K, 0% used [0x00000000d5580000,0x00000000d5580000,0x00000000e1900000)
  from space 14336K, 94% used [0x00000000e1900000,0x00000000e262d6a0,0x00000000e2700000)
  to   space 15360K, 0% used [0x00000000e7a00000,0x00000000e7a00000,0x00000000e8900000)
 ParOldGen       total 92160K, used 28440K [0x0000000080000000, 0x0000000085a00000, 0x00000000d5580000)
  object space 92160K, 30% used [0x0000000080000000,0x0000000081bc62c0,0x0000000085a00000)
 Metaspace       used 28747K, capacity 29386K, committed 29696K, reserved 1075200K
  class space    used 3298K, capacity 3505K, committed 3584K, reserved 1048576K
}
Event: 14.675 GC heap before
{Heap before GC invocations=11 (full 1):
 PSYoungGen      total 214528K, used 213521K [0x00000000d5580000, 0x00000000e8900000, 0x0000000100000000)
  eden space 200192K, 99% used [0x00000000d5580000,0x00000000e18d6f10,0x00000000e1900000)
  from space 14336K, 94% used [0x00000000e1900000,0x00000000e262d6a0,0x00000000e2700000)
  to   space 15360K, 0% used [0x00000000e7a00000,0x00000000e7a00000,0x00000000e8900000)
 ParOldGen       total 92160K, used 28440K [0x0000000080000000, 0x0000000085a00000, 0x00000000d5580000)
  object space 92160K, 30% used [0x0000000080000000,0x0000000081bc62c0,0x0000000085a00000)
 Metaspace       used 31551K, capacity 32624K, committed 32768K, reserved 1077248K
  class space    used 3710K, capacity 4028K, committed 4096K, reserved 1048576K
Event: 14.692 GC heap after
Heap after GC invocations=11 (full 1):
 PSYoungGen      total 294400K, used 15334K [0x00000000d5580000, 0x00000000e8b00000, 0x0000000100000000)
  eden space 279040K, 0% used [0x00000000d5580000,0x00000000d5580000,0x00000000e6600000)
  from space 15360K, 99% used [0x00000000e7a00000,0x00000000e88f9880,0x00000000e8900000)
  to   space 18944K, 0% used [0x00000000e6600000,0x00000000e6600000,0x00000000e7880000)
 ParOldGen       total 92160K, used 34425K [0x0000000080000000, 0x0000000085a00000, 0x00000000d5580000)
  object space 92160K, 37% used [0x0000000080000000,0x000000008219e410,0x0000000085a00000)
 Metaspace       used 31551K, capacity 32624K, committed 32768K, reserved 1077248K
  class space    used 3710K, capacity 4028K, committed 4096K, reserved 1048576K
}
Event: 18.959 GC heap before
{Heap before GC invocations=12 (full 1):
 PSYoungGen      total 294400K, used 293702K [0x00000000d5580000, 0x00000000e8b00000, 0x0000000100000000)
  eden space 279040K, 99% used [0x00000000d5580000,0x00000000e65581b0,0x00000000e6600000)
  from space 15360K, 99% used [0x00000000e7a00000,0x00000000e88f9880,0x00000000e8900000)
  to   space 18944K, 0% used [0x00000000e6600000,0x00000000e6600000,0x00000000e7880000)
 ParOldGen       total 92160K, used 34425K [0x0000000080000000, 0x0000000085a00000, 0x00000000d5580000)
  object space 92160K, 37% used [0x0000000080000000,0x000000008219e410,0x0000000085a00000)
 Metaspace       used 31602K, capacity 32688K, committed 32768K, reserved 1077248K
  class space    used 3710K, capacity 4028K, committed 4096K, reserved 1048576K
Event: 18.971 GC heap after
Heap after GC invocations=12 (full 1):
 PSYoungGen      total 297984K, used 13126K [0x00000000d5580000, 0x00000000eec00000, 0x0000000100000000)
  eden space 279040K, 0% used [0x00000000d5580000,0x00000000d5580000,0x00000000e6600000)
  from space 18944K, 69% used [0x00000000e6600000,0x00000000e72d1830,0x00000000e7880000)
  to   space 18432K, 0% used [0x00000000eda00000,0x00000000eda00000,0x00000000eec00000)
 ParOldGen       total 92160K, used 37342K [0x0000000080000000, 0x0000000085a00000, 0x00000000d5580000)
  object space 92160K, 40% used [0x0000000080000000,0x0000000082477a98,0x0000000085a00000)
 Metaspace       used 31602K, capacity 32688K, committed 32768K, reserved 1077248K
  class space    used 3710K, capacity 4028K, committed 4096K, reserved 1048576K
}
Event: 23.116 GC heap before
{Heap before GC invocations=13 (full 1):
 PSYoungGen      total 297984K, used 289545K [0x00000000d5580000, 0x00000000eec00000, 0x0000000100000000)
  eden space 279040K, 99% used [0x00000000d5580000,0x00000000e6370d00,0x00000000e6600000)
  from space 18944K, 69% used [0x00000000e6600000,0x00000000e72d1830,0x00000000e7880000)
  to   space 18432K, 0% used [0x00000000eda00000,0x00000000eda00000,0x00000000eec00000)
 ParOldGen       total 92160K, used 37342K [0x0000000080000000, 0x0000000085a00000, 0x00000000d5580000)
  object space 92160K, 40% used [0x0000000080000000,0x0000000082477a98,0x0000000085a00000)
 Metaspace       used 32214K, capacity 33238K, committed 33280K, reserved 1079296K
  class space    used 3784K, capacity 4078K, committed 4096K, reserved 1048576K
Event: 23.129 GC heap after
Heap after GC invocations=13 (full 1):
 PSYoungGen      total 384512K, used 13700K [0x00000000d5580000, 0x00000000ee780000, 0x0000000100000000)
  eden space 370688K, 0% used [0x00000000d5580000,0x00000000d5580000,0x00000000ebf80000)
  from space 13824K, 99% used [0x00000000eda00000,0x00000000ee761178,0x00000000ee780000)
  to   space 18432K, 0% used [0x00000000ec380000,0x00000000ec380000,0x00000000ed580000)
 ParOldGen       total 92160K, used 37390K [0x0000000080000000, 0x0000000085a00000, 0x00000000d5580000)
  object space 92160K, 40% used [0x0000000080000000,0x0000000082483a98,0x0000000085a00000)
 Metaspace       used 32214K, capacity 33238K, committed 33280K, reserved 1079296K
  class space    used 3784K, capacity 4078K, committed 4096K, reserved 1048576K
}
Event: 28.882 GC heap before
{Heap before GC invocations=14 (full 1):
 PSYoungGen      total 384512K, used 383367K [0x00000000d5580000, 0x00000000ee780000, 0x0000000100000000)
  eden space 370688K, 99% used [0x00000000d5580000,0x00000000ebe80dd0,0x00000000ebf80000)
  from space 13824K, 99% used [0x00000000eda00000,0x00000000ee761178,0x00000000ee780000)
  to   space 18432K, 0% used [0x00000000ec380000,0x00000000ec380000,0x00000000ed580000)
 ParOldGen       total 92160K, used 37390K [0x0000000080000000, 0x0000000085a00000, 0x00000000d5580000)
  object space 92160K, 40% used [0x0000000080000000,0x0000000082483a98,0x0000000085a00000)
 Metaspace       used 32277K, capacity 33302K, committed 33536K, reserved 1079296K
  class space    used 3784K, capacity 4078K, committed 4096K, reserved 1048576K
Event: 28.895 GC heap after
Heap after GC invocations=14 (full 1):
 PSYoungGen      total 389120K, used 13382K [0x00000000d5580000, 0x00000000ee780000, 0x0000000100000000)
  eden space 370688K, 0% used [0x00000000d5580000,0x00000000d5580000,0x00000000ebf80000)
  from space 18432K, 72% used [0x00000000ec380000,0x00000000ed091830,0x00000000ed580000)
  to   space 13824K, 0% used [0x00000000eda00000,0x00000000eda00000,0x00000000ee780000)
 ParOldGen       total 92160K, used 37666K [0x0000000080000000, 0x0000000085a00000, 0x00000000d5580000)
  object space 92160K, 40% used [0x0000000080000000,0x00000000824c8ab8,0x0000000085a00000)
 Metaspace       used 32277K, capacity 33302K, committed 33536K, reserved 1079296K
  class space    used 3784K, capacity 4078K, committed 4096K, reserved 1048576K
}

