# JRE version: Java(TM) SE Runtime Environment (8.0_181-b13) (build 1.8.0_181-b13)
# Java VM: Java HotSpot(TM) 64-Bit Server VM (25.181-b13 mixed mode windows-amd64 compressed oops)
Heap:
 PSYoungGen      total 327168K, used 169494K [0x00000000d5580000, 0x00000000ead80000, 0x0000000100000000)
  eden space 316416K, 52% used [0x00000000d5580000,0x00000000df6d97f0,0x00000000e8a80000)
  from space 10752K, 39% used [0x00000000ea300000,0x00000000ea72c0f0,0x00000000ead80000)
  to   space 17920K, 0% used [0x00000000e8a80000,0x00000000e8a80000,0x00000000e9c00000)
 ParOldGen       total 179712K, used 27178K [0x0000000080000000, 0x000000008af80000, 0x00000000d5580000)
  object space 179712K, 15% used [0x0000000080000000,0x0000000081a8a8f8,0x000000008af80000)
 Metaspace       used 43205K, capacity 44610K, committed 44800K, reserved 1089536K
  class space    used 5177K, capacity 5613K, committed 5632K, reserved 1048576K
GC Heap History (10 events):
Event: 11.672 GC heap before
{Heap before GC invocations=8 (full 1):
 PSYoungGen      total 208384K, used 109305K [0x00000000d5580000, 0x00000000e3400000, 0x0000000100000000)
  eden space 194560K, 50% used [0x00000000d5580000,0x00000000db6098a0,0x00000000e1380000)
  from space 13824K, 75% used [0x00000000e2180000,0x00000000e2bb4c20,0x00000000e2f00000)
  to   space 14336K, 0% used [0x00000000e1380000,0x00000000e1380000,0x00000000e2180000)
 ParOldGen       total 110592K, used 11976K [0x0000000080000000, 0x0000000086c00000, 0x00000000d5580000)
  object space 110592K, 10% used [0x0000000080000000,0x0000000080bb2318,0x0000000086c00000)
 Metaspace       used 34349K, capacity 35386K, committed 35456K, reserved 1081344K
  class space    used 4128K, capacity 4455K, committed 4480K, reserved 1048576K
Event: 11.694 GC heap after
Heap after GC invocations=8 (full 1):
 PSYoungGen      total 208896K, used 14327K [0x00000000d5580000, 0x00000000e8f80000, 0x0000000100000000)
  eden space 194560K, 0% used [0x00000000d5580000,0x00000000d5580000,0x00000000e1380000)
  from space 14336K, 99% used [0x00000000e1380000,0x00000000e217dcf0,0x00000000e2180000)
  to   space 17408K, 0% used [0x00000000e7e80000,0x00000000e7e80000,0x00000000e8f80000)
 ParOldGen       total 110592K, used 14284K [0x0000000080000000, 0x0000000086c00000, 0x00000000d5580000)
  object space 110592K, 12% used [0x0000000080000000,0x0000000080df30e8,0x0000000086c00000)
 Metaspace       used 34349K, capacity 35386K, committed 35456K, reserved 1081344K
  class space    used 4128K, capacity 4455K, committed 4480K, reserved 1048576K
}
Event: 11.694 GC heap before
{Heap before GC invocations=9 (full 2):
 PSYoungGen      total 208896K, used 14327K [0x00000000d5580000, 0x00000000e8f80000, 0x0000000100000000)
  eden space 194560K, 0% used [0x00000000d5580000,0x00000000d5580000,0x00000000e1380000)
  from space 14336K, 99% used [0x00000000e1380000,0x00000000e217dcf0,0x00000000e2180000)
  to   space 17408K, 0% used [0x00000000e7e80000,0x00000000e7e80000,0x00000000e8f80000)
 ParOldGen       total 110592K, used 14284K [0x0000000080000000, 0x0000000086c00000, 0x00000000d5580000)
  object space 110592K, 12% used [0x0000000080000000,0x0000000080df30e8,0x0000000086c00000)
 Metaspace       used 34349K, capacity 35386K, committed 35456K, reserved 1081344K
  class space    used 4128K, capacity 4455K, committed 4480K, reserved 1048576K
Event: 11.811 GC heap after
Heap after GC invocations=9 (full 2):
 PSYoungGen      total 208896K, used 0K [0x00000000d5580000, 0x00000000e8f80000, 0x0000000100000000)
  eden space 194560K, 0% used [0x00000000d5580000,0x00000000d5580000,0x00000000e1380000)
  from space 14336K, 0% used [0x00000000e1380000,0x00000000e1380000,0x00000000e2180000)
  to   space 17408K, 0% used [0x00000000e7e80000,0x00000000e7e80000,0x00000000e8f80000)
 ParOldGen       total 179712K, used 27154K [0x0000000080000000, 0x000000008af80000, 0x00000000d5580000)
  object space 179712K, 15% used [0x0000000080000000,0x0000000081a848f8,0x000000008af80000)
 Metaspace       used 34344K, capacity 35376K, committed 35456K, reserved 1081344K
  class space    used 4126K, capacity 4452K, committed 4480K, reserved 1048576K
}
Event: 32.025 GC heap before
{Heap before GC invocations=10 (full 2):
 PSYoungGen      total 208896K, used 194560K [0x00000000d5580000, 0x00000000e8f80000, 0x0000000100000000)
  eden space 194560K, 100% used [0x00000000d5580000,0x00000000e1380000,0x00000000e1380000)
  from space 14336K, 0% used [0x00000000e1380000,0x00000000e1380000,0x00000000e2180000)
  to   space 17408K, 0% used [0x00000000e7e80000,0x00000000e7e80000,0x00000000e8f80000)
 ParOldGen       total 179712K, used 27154K [0x0000000080000000, 0x000000008af80000, 0x00000000d5580000)
  object space 179712K, 15% used [0x0000000080000000,0x0000000081a848f8,0x000000008af80000)
 Metaspace       used 35462K, capacity 36644K, committed 36992K, reserved 1081344K
  class space    used 4240K, capacity 4616K, committed 4736K, reserved 1048576K
Event: 32.030 GC heap after
Heap after GC invocations=10 (full 2):
 PSYoungGen      total 273408K, used 2823K [0x00000000d5580000, 0x00000000e8180000, 0x0000000100000000)
  eden space 270336K, 0% used [0x00000000d5580000,0x00000000d5580000,0x00000000e5d80000)
  from space 3072K, 91% used [0x00000000e7e80000,0x00000000e8141d48,0x00000000e8180000)
  to   space 17920K, 0% used [0x00000000e5e80000,0x00000000e5e80000,0x00000000e7000000)
 ParOldGen       total 179712K, used 27162K [0x0000000080000000, 0x000000008af80000, 0x00000000d5580000)
  object space 179712K, 15% used [0x0000000080000000,0x0000000081a868f8,0x000000008af80000)
 Metaspace       used 35462K, capacity 36644K, committed 36992K, reserved 1081344K
  class space    used 4240K, capacity 4616K, committed 4736K, reserved 1048576K
}
Event: 39.166 GC heap before
{Heap before GC invocations=11 (full 2):
 PSYoungGen      total 273408K, used 273159K [0x00000000d5580000, 0x00000000e8180000, 0x0000000100000000)
  eden space 270336K, 100% used [0x00000000d5580000,0x00000000e5d80000,0x00000000e5d80000)
  from space 3072K, 91% used [0x00000000e7e80000,0x00000000e8141d48,0x00000000e8180000)
  to   space 17920K, 0% used [0x00000000e5e80000,0x00000000e5e80000,0x00000000e7000000)
 ParOldGen       total 179712K, used 27162K [0x0000000080000000, 0x000000008af80000, 0x00000000d5580000)
  object space 179712K, 15% used [0x0000000080000000,0x0000000081a868f8,0x000000008af80000)
 Metaspace       used 35950K, capacity 37236K, committed 37504K, reserved 1081344K
  class space    used 4260K, capacity 4667K, committed 4736K, reserved 1048576K
Event: 39.170 GC heap after
Heap after GC invocations=11 (full 2):
 PSYoungGen      total 289280K, used 2896K [0x00000000d5580000, 0x00000000eb480000, 0x0000000100000000)
  eden space 271360K, 0% used [0x00000000d5580000,0x00000000d5580000,0x00000000e5e80000)
  from space 17920K, 16% used [0x00000000e5e80000,0x00000000e61540b0,0x00000000e7000000)
  to   space 17920K, 0% used [0x00000000ea300000,0x00000000ea300000,0x00000000eb480000)
 ParOldGen       total 179712K, used 27170K [0x0000000080000000, 0x000000008af80000, 0x00000000d5580000)
  object space 179712K, 15% used [0x0000000080000000,0x0000000081a888f8,0x000000008af80000)
 Metaspace       used 35950K, capacity 37236K, committed 37504K, reserved 1081344K
  class space    used 4260K, capacity 4667K, committed 4736K, reserved 1048576K
}
Event: 46.750 GC heap before
{Heap before GC invocations=12 (full 2):
 PSYoungGen      total 289280K, used 274256K [0x00000000d5580000, 0x00000000eb480000, 0x0000000100000000)
  eden space 271360K, 100% used [0x00000000d5580000,0x00000000e5e80000,0x00000000e5e80000)
  from space 17920K, 16% used [0x00000000e5e80000,0x00000000e61540b0,0x00000000e7000000)
  to   space 17920K, 0% used [0x00000000ea300000,0x00000000ea300000,0x00000000eb480000)
 ParOldGen       total 179712K, used 27170K [0x0000000080000000, 0x000000008af80000, 0x00000000d5580000)
  object space 179712K, 15% used [0x0000000080000000,0x0000000081a888f8,0x000000008af80000)
 Metaspace       used 36389K, capacity 37652K, committed 37760K, reserved 1083392K
  class space    used 4278K, capacity 4713K, committed 4736K, reserved 1048576K
Event: 46.759 GC heap after
Heap after GC invocations=12 (full 2):
 PSYoungGen      total 327168K, used 4272K [0x00000000d5580000, 0x00000000ead80000, 0x0000000100000000)
  eden space 316416K, 0% used [0x00000000d5580000,0x00000000d5580000,0x00000000e8a80000)
  from space 10752K, 39% used [0x00000000ea300000,0x00000000ea72c0f0,0x00000000ead80000)
  to   space 17920K, 0% used [0x00000000e8a80000,0x00000000e8a80000,0x00000000e9c00000)
 ParOldGen       total 179712K, used 27178K [0x0000000080000000, 0x000000008af80000, 0x00000000d5580000)
  object space 179712K, 15% used [0x0000000080000000,0x0000000081a8a8f8,0x000000008af80000)
 Metaspace       used 36389K, capacity 37652K, committed 37760K, reserved 1083392K
  class space    used 4278K, capacity 4713K, committed 4736K, reserved 1048576K
}

