# JRE version: Java(TM) SE Runtime Environment (8.0_181-b13) (build 1.8.0_181-b13)
# Java VM: Java HotSpot(TM) 64-Bit Server VM (25.181-b13 mixed mode windows-amd64 compressed oops)
Heap:
 PSYoungGen      total 591872K, used 118733K [0x00000000d5580000, 0x00000000fbd80000, 0x0000000100000000)
  eden space 557056K, 17% used [0x00000000d5580000,0x00000000db7480d8,0x00000000f7580000)
  from space 34816K, 53% used [0x00000000f7580000,0x00000000f87ab520,0x00000000f9780000)
  to   space 31232K, 0% used [0x00000000f9780000,0x00000000f9780000,0x00000000fb600000)
 ParOldGen       total 480768K, used 358507K [0x0000000080000000, 0x000000009d580000, 0x00000000d5580000)
  object space 480768K, 74% used [0x0000000080000000,0x0000000095e1ad70,0x000000009d580000)
 Metaspace       used 73562K, capacity 79920K, committed 80128K, reserved 1118208K
  class space    used 8658K, capacity 10742K, committed 10752K, reserved 1048576K
GC Heap History (10 events):
Event: 1886.802 GC heap before
{Heap before GC invocations=1630 (full 7):
 PSYoungGen      total 429056K, used 426349K [0x00000000d5580000, 0x00000000f1c00000, 0x0000000100000000)
  eden space 403456K, 100% used [0x00000000d5580000,0x00000000edf80000,0x00000000edf80000)
  from space 25600K, 89% used [0x00000000efc00000,0x00000000f125b490,0x00000000f1500000)
  to   space 29184K, 0% used [0x00000000edf80000,0x00000000edf80000,0x00000000efc00000)
 ParOldGen       total 480768K, used 297719K [0x0000000080000000, 0x000000009d580000, 0x00000000d5580000)
  object space 480768K, 61% used [0x0000000080000000,0x00000000922bde50,0x000000009d580000)
 Metaspace       used 71519K, capacity 77282K, committed 77440K, reserved 1116160K
  class space    used 8438K, capacity 10497K, committed 10624K, reserved 1048576K
Event: 1886.834 GC heap after
Heap after GC invocations=1630 (full 7):
 PSYoungGen      total 432640K, used 17928K [0x00000000d5580000, 0x00000000f6280000, 0x0000000100000000)
  eden space 403456K, 0% used [0x00000000d5580000,0x00000000d5580000,0x00000000edf80000)
  from space 29184K, 61% used [0x00000000edf80000,0x00000000ef1020c8,0x00000000efc00000)
  to   space 30720K, 0% used [0x00000000f4480000,0x00000000f4480000,0x00000000f6280000)
 ParOldGen       total 480768K, used 313028K [0x0000000080000000, 0x000000009d580000, 0x00000000d5580000)
  object space 480768K, 65% used [0x0000000080000000,0x00000000931b10c0,0x000000009d580000)
 Metaspace       used 71519K, capacity 77282K, committed 77440K, reserved 1116160K
  class space    used 8438K, capacity 10497K, committed 10624K, reserved 1048576K
}
Event: 1888.688 GC heap before
{Heap before GC invocations=1631 (full 7):
 PSYoungGen      total 432640K, used 421384K [0x00000000d5580000, 0x00000000f6280000, 0x0000000100000000)
  eden space 403456K, 100% used [0x00000000d5580000,0x00000000edf80000,0x00000000edf80000)
  from space 29184K, 61% used [0x00000000edf80000,0x00000000ef1020c8,0x00000000efc00000)
  to   space 30720K, 0% used [0x00000000f4480000,0x00000000f4480000,0x00000000f6280000)
 ParOldGen       total 480768K, used 313028K [0x0000000080000000, 0x000000009d580000, 0x00000000d5580000)
  object space 480768K, 65% used [0x0000000080000000,0x00000000931b10c0,0x000000009d580000)
 Metaspace       used 71727K, capacity 77570K, committed 77696K, reserved 1116160K
  class space    used 8461K, capacity 10533K, committed 10624K, reserved 1048576K
Event: 1888.715 GC heap after
Heap after GC invocations=1631 (full 7):
 PSYoungGen      total 504832K, used 15079K [0x00000000d5580000, 0x00000000f6100000, 0x0000000100000000)
  eden space 475648K, 0% used [0x00000000d5580000,0x00000000d5580000,0x00000000f2600000)
  from space 29184K, 51% used [0x00000000f4480000,0x00000000f5339f40,0x00000000f6100000)
  to   space 30208K, 0% used [0x00000000f2600000,0x00000000f2600000,0x00000000f4380000)
 ParOldGen       total 480768K, used 322942K [0x0000000080000000, 0x000000009d580000, 0x00000000d5580000)
  object space 480768K, 67% used [0x0000000080000000,0x0000000093b5f8d8,0x000000009d580000)
 Metaspace       used 71727K, capacity 77570K, committed 77696K, reserved 1116160K
  class space    used 8461K, capacity 10533K, committed 10624K, reserved 1048576K
}
Event: 1891.401 GC heap before
{Heap before GC invocations=1632 (full 7):
 PSYoungGen      total 504832K, used 490727K [0x00000000d5580000, 0x00000000f6100000, 0x0000000100000000)
  eden space 475648K, 100% used [0x00000000d5580000,0x00000000f2600000,0x00000000f2600000)
  from space 29184K, 51% used [0x00000000f4480000,0x00000000f5339f40,0x00000000f6100000)
  to   space 30208K, 0% used [0x00000000f2600000,0x00000000f2600000,0x00000000f4380000)
 ParOldGen       total 480768K, used 322942K [0x0000000080000000, 0x000000009d580000, 0x00000000d5580000)
  object space 480768K, 67% used [0x0000000080000000,0x0000000093b5f8d8,0x000000009d580000)
 Metaspace       used 71920K, capacity 77932K, committed 78208K, reserved 1116160K
  class space    used 8483K, capacity 10564K, committed 10624K, reserved 1048576K
Event: 1891.446 GC heap after
Heap after GC invocations=1632 (full 7):
 PSYoungGen      total 505856K, used 18409K [0x00000000d5580000, 0x00000000fb600000, 0x0000000100000000)
  eden space 475648K, 0% used [0x00000000d5580000,0x00000000d5580000,0x00000000f2600000)
  from space 30208K, 60% used [0x00000000f2600000,0x00000000f37fa418,0x00000000f4380000)
  to   space 31232K, 0% used [0x00000000f9780000,0x00000000f9780000,0x00000000fb600000)
 ParOldGen       total 480768K, used 330280K [0x0000000080000000, 0x000000009d580000, 0x00000000d5580000)
  object space 480768K, 68% used [0x0000000080000000,0x000000009428a260,0x000000009d580000)
 Metaspace       used 71920K, capacity 77932K, committed 78208K, reserved 1116160K
  class space    used 8483K, capacity 10564K, committed 10624K, reserved 1048576K
}
Event: 1893.833 GC heap before
{Heap before GC invocations=1633 (full 7):
 PSYoungGen      total 505856K, used 494057K [0x00000000d5580000, 0x00000000fb600000, 0x0000000100000000)
  eden space 475648K, 100% used [0x00000000d5580000,0x00000000f2600000,0x00000000f2600000)
  from space 30208K, 60% used [0x00000000f2600000,0x00000000f37fa418,0x00000000f4380000)
  to   space 31232K, 0% used [0x00000000f9780000,0x00000000f9780000,0x00000000fb600000)
 ParOldGen       total 480768K, used 330280K [0x0000000080000000, 0x000000009d580000, 0x00000000d5580000)
  object space 480768K, 68% used [0x0000000080000000,0x000000009428a260,0x000000009d580000)
 Metaspace       used 72069K, capacity 78228K, committed 78464K, reserved 1118208K
  class space    used 8497K, capacity 10580K, committed 10624K, reserved 1048576K
Event: 1893.890 GC heap after
Heap after GC invocations=1633 (full 7):
 PSYoungGen      total 588288K, used 25426K [0x00000000d5580000, 0x00000000fbd80000, 0x0000000100000000)
  eden space 557056K, 0% used [0x00000000d5580000,0x00000000d5580000,0x00000000f7580000)
  from space 31232K, 81% used [0x00000000f9780000,0x00000000fb054978,0x00000000fb600000)
  to   space 34816K, 0% used [0x00000000f7580000,0x00000000f7580000,0x00000000f9780000)
 ParOldGen       total 480768K, used 338778K [0x0000000080000000, 0x000000009d580000, 0x00000000d5580000)
  object space 480768K, 70% used [0x0000000080000000,0x0000000094ad6a48,0x000000009d580000)
 Metaspace       used 72069K, capacity 78228K, committed 78464K, reserved 1118208K
  class space    used 8497K, capacity 10580K, committed 10624K, reserved 1048576K
}
Event: 1896.999 GC heap before
{Heap before GC invocations=1634 (full 7):
 PSYoungGen      total 588288K, used 582482K [0x00000000d5580000, 0x00000000fbd80000, 0x0000000100000000)
  eden space 557056K, 100% used [0x00000000d5580000,0x00000000f7580000,0x00000000f7580000)
  from space 31232K, 81% used [0x00000000f9780000,0x00000000fb054978,0x00000000fb600000)
  to   space 34816K, 0% used [0x00000000f7580000,0x00000000f7580000,0x00000000f9780000)
 ParOldGen       total 480768K, used 338778K [0x0000000080000000, 0x000000009d580000, 0x00000000d5580000)
  object space 480768K, 70% used [0x0000000080000000,0x0000000094ad6a48,0x000000009d580000)
 Metaspace       used 72224K, capacity 78608K, committed 78720K, reserved 1118208K
  class space    used 8515K, capacity 10604K, committed 10624K, reserved 1048576K
Event: 1897.069 GC heap after
Heap after GC invocations=1634 (full 7):
 PSYoungGen      total 591872K, used 18605K [0x00000000d5580000, 0x00000000fbd80000, 0x0000000100000000)
  eden space 557056K, 0% used [0x00000000d5580000,0x00000000d5580000,0x00000000f7580000)
  from space 34816K, 53% used [0x00000000f7580000,0x00000000f87ab520,0x00000000f9780000)
  to   space 31232K, 0% used [0x00000000f9780000,0x00000000f9780000,0x00000000fb600000)
 ParOldGen       total 480768K, used 358507K [0x0000000080000000, 0x000000009d580000, 0x00000000d5580000)
  object space 480768K, 74% used [0x0000000080000000,0x0000000095e1ad70,0x000000009d580000)
 Metaspace       used 72224K, capacity 78608K, committed 78720K, reserved 1118208K
  class space    used 8515K, capacity 10604K, committed 10624K, reserved 1048576K
}

