# JRE version: Java(TM) SE Runtime Environment (8.0_181-b13) (build 1.8.0_181-b13)
# Java VM: Java HotSpot(TM) 64-Bit Server VM (25.181-b13 mixed mode windows-amd64 compressed oops)
Heap:
 PSYoungGen      total 198656K, used 161641K [0x00000000d5580000, 0x00000000e6080000, 0x0000000100000000)
  eden space 182784K, 88% used [0x00000000d5580000,0x00000000df35a5f8,0x00000000e0800000)
  from space 15872K, 0% used [0x00000000e0800000,0x00000000e0800000,0x00000000e1780000)
  to   space 15360K, 0% used [0x00000000e5180000,0x00000000e5180000,0x00000000e6080000)
 ParOldGen       total 182784K, used 21187K [0x0000000080000000, 0x000000008b280000, 0x00000000d5580000)
  object space 182784K, 11% used [0x0000000080000000,0x00000000814b0c40,0x000000008b280000)
 Metaspace       used 37110K, capacity 38216K, committed 38312K, reserved 1083392K
  class space    used 4431K, capacity 4719K, committed 4776K, reserved 1048576K
GC Heap History (10 events):
Event: 3.815 GC heap before
{Heap before GC invocations=5 (full 1):
 PSYoungGen      total 141824K, used 10724K [0x00000000d5580000, 0x00000000dea80000, 0x0000000100000000)
  eden space 131072K, 0% used [0x00000000d5580000,0x00000000d5580000,0x00000000dd580000)
  from space 10752K, 99% used [0x00000000de000000,0x00000000dea79390,0x00000000dea80000)
  to   space 10752K, 0% used [0x00000000dd580000,0x00000000dd580000,0x00000000de000000)
 ParOldGen       total 175104K, used 1575K [0x0000000080000000, 0x000000008ab00000, 0x00000000d5580000)
  object space 175104K, 0% used [0x0000000080000000,0x0000000080189d90,0x000000008ab00000)
 Metaspace       used 20859K, capacity 21112K, committed 21296K, reserved 1069056K
  class space    used 2334K, capacity 2408K, committed 2432K, reserved 1048576K
Event: 3.899 GC heap after
Heap after GC invocations=5 (full 1):
 PSYoungGen      total 141824K, used 0K [0x00000000d5580000, 0x00000000dea80000, 0x0000000100000000)
  eden space 131072K, 0% used [0x00000000d5580000,0x00000000d5580000,0x00000000dd580000)
  from space 10752K, 0% used [0x00000000de000000,0x00000000de000000,0x00000000dea80000)
  to   space 10752K, 0% used [0x00000000dd580000,0x00000000dd580000,0x00000000de000000)
 ParOldGen       total 113664K, used 11902K [0x0000000080000000, 0x0000000086f00000, 0x00000000d5580000)
  object space 113664K, 10% used [0x0000000080000000,0x0000000080b9fb48,0x0000000086f00000)
 Metaspace       used 20859K, capacity 21112K, committed 21296K, reserved 1069056K
  class space    used 2334K, capacity 2408K, committed 2432K, reserved 1048576K
}
Event: 5.402 GC heap before
{Heap before GC invocations=6 (full 1):
 PSYoungGen      total 141824K, used 131072K [0x00000000d5580000, 0x00000000dea80000, 0x0000000100000000)
  eden space 131072K, 100% used [0x00000000d5580000,0x00000000dd580000,0x00000000dd580000)
  from space 10752K, 0% used [0x00000000de000000,0x00000000de000000,0x00000000dea80000)
  to   space 10752K, 0% used [0x00000000dd580000,0x00000000dd580000,0x00000000de000000)
 ParOldGen       total 113664K, used 11902K [0x0000000080000000, 0x0000000086f00000, 0x00000000d5580000)
  object space 113664K, 10% used [0x0000000080000000,0x0000000080b9fb48,0x0000000086f00000)
 Metaspace       used 25817K, capacity 26230K, committed 26496K, reserved 1073152K
  class space    used 3017K, capacity 3147K, committed 3200K, reserved 1048576K
Event: 5.417 GC heap after
Heap after GC invocations=6 (full 1):
 PSYoungGen      total 141824K, used 9684K [0x00000000d5580000, 0x00000000e2700000, 0x0000000100000000)
  eden space 131072K, 0% used [0x00000000d5580000,0x00000000d5580000,0x00000000dd580000)
  from space 10752K, 90% used [0x00000000dd580000,0x00000000ddef51b0,0x00000000de000000)
  to   space 12800K, 0% used [0x00000000e1a80000,0x00000000e1a80000,0x00000000e2700000)
 ParOldGen       total 113664K, used 11910K [0x0000000080000000, 0x0000000086f00000, 0x00000000d5580000)
  object space 113664K, 10% used [0x0000000080000000,0x0000000080ba1b48,0x0000000086f00000)
 Metaspace       used 25817K, capacity 26230K, committed 26496K, reserved 1073152K
  class space    used 3017K, capacity 3147K, committed 3200K, reserved 1048576K
}
Event: 11.483 GC heap before
{Heap before GC invocations=7 (full 1):
 PSYoungGen      total 141824K, used 140756K [0x00000000d5580000, 0x00000000e2700000, 0x0000000100000000)
  eden space 131072K, 100% used [0x00000000d5580000,0x00000000dd580000,0x00000000dd580000)
  from space 10752K, 90% used [0x00000000dd580000,0x00000000ddef51b0,0x00000000de000000)
  to   space 12800K, 0% used [0x00000000e1a80000,0x00000000e1a80000,0x00000000e2700000)
 ParOldGen       total 113664K, used 11910K [0x0000000080000000, 0x0000000086f00000, 0x00000000d5580000)
  object space 113664K, 10% used [0x0000000080000000,0x0000000080ba1b48,0x0000000086f00000)
 Metaspace       used 33873K, capacity 34766K, committed 34944K, reserved 1079296K
  class space    used 4122K, capacity 4378K, committed 4480K, reserved 1048576K
Event: 11.500 GC heap after
Heap after GC invocations=7 (full 1):
 PSYoungGen      total 194048K, used 12783K [0x00000000d5580000, 0x00000000e2700000, 0x0000000100000000)
  eden space 181248K, 0% used [0x00000000d5580000,0x00000000d5580000,0x00000000e0680000)
  from space 12800K, 99% used [0x00000000e1a80000,0x00000000e26fbe20,0x00000000e2700000)
  to   space 15872K, 0% used [0x00000000e0800000,0x00000000e0800000,0x00000000e1780000)
 ParOldGen       total 113664K, used 14908K [0x0000000080000000, 0x0000000086f00000, 0x00000000d5580000)
  object space 113664K, 13% used [0x0000000080000000,0x0000000080e8f320,0x0000000086f00000)
 Metaspace       used 33873K, capacity 34766K, committed 34944K, reserved 1079296K
  class space    used 4122K, capacity 4378K, committed 4480K, reserved 1048576K
}
Event: 19.760 GC heap before
{Heap before GC invocations=8 (full 1):
 PSYoungGen      total 194048K, used 128814K [0x00000000d5580000, 0x00000000e2700000, 0x0000000100000000)
  eden space 181248K, 64% used [0x00000000d5580000,0x00000000dc6cfbf0,0x00000000e0680000)
  from space 12800K, 99% used [0x00000000e1a80000,0x00000000e26fbe20,0x00000000e2700000)
  to   space 15872K, 0% used [0x00000000e0800000,0x00000000e0800000,0x00000000e1780000)
 ParOldGen       total 113664K, used 14908K [0x0000000080000000, 0x0000000086f00000, 0x00000000d5580000)
  object space 113664K, 13% used [0x0000000080000000,0x0000000080e8f320,0x0000000086f00000)
 Metaspace       used 34374K, capacity 35462K, committed 35496K, reserved 1081344K
  class space    used 4177K, capacity 4486K, committed 4520K, reserved 1048576K
Event: 19.793 GC heap after
Heap after GC invocations=8 (full 1):
 PSYoungGen      total 198656K, used 10478K [0x00000000d5580000, 0x00000000e6080000, 0x0000000100000000)
  eden space 182784K, 0% used [0x00000000d5580000,0x00000000d5580000,0x00000000e0800000)
  from space 15872K, 66% used [0x00000000e0800000,0x00000000e123b938,0x00000000e1780000)
  to   space 15360K, 0% used [0x00000000e5180000,0x00000000e5180000,0x00000000e6080000)
 ParOldGen       total 113664K, used 14916K [0x0000000080000000, 0x0000000086f00000, 0x00000000d5580000)
  object space 113664K, 13% used [0x0000000080000000,0x0000000080e91320,0x0000000086f00000)
 Metaspace       used 34374K, capacity 35462K, committed 35496K, reserved 1081344K
  class space    used 4177K, capacity 4486K, committed 4520K, reserved 1048576K
}
Event: 19.793 GC heap before
{Heap before GC invocations=9 (full 2):
 PSYoungGen      total 198656K, used 10478K [0x00000000d5580000, 0x00000000e6080000, 0x0000000100000000)
  eden space 182784K, 0% used [0x00000000d5580000,0x00000000d5580000,0x00000000e0800000)
  from space 15872K, 66% used [0x00000000e0800000,0x00000000e123b938,0x00000000e1780000)
  to   space 15360K, 0% used [0x00000000e5180000,0x00000000e5180000,0x00000000e6080000)
 ParOldGen       total 113664K, used 14916K [0x0000000080000000, 0x0000000086f00000, 0x00000000d5580000)
  object space 113664K, 13% used [0x0000000080000000,0x0000000080e91320,0x0000000086f00000)
 Metaspace       used 34374K, capacity 35462K, committed 35496K, reserved 1081344K
  class space    used 4177K, capacity 4486K, committed 4520K, reserved 1048576K
Event: 19.936 GC heap after
Heap after GC invocations=9 (full 2):
 PSYoungGen      total 198656K, used 0K [0x00000000d5580000, 0x00000000e6080000, 0x0000000100000000)
  eden space 182784K, 0% used [0x00000000d5580000,0x00000000d5580000,0x00000000e0800000)
  from space 15872K, 0% used [0x00000000e0800000,0x00000000e0800000,0x00000000e1780000)
  to   space 15360K, 0% used [0x00000000e5180000,0x00000000e5180000,0x00000000e6080000)
 ParOldGen       total 182784K, used 21187K [0x0000000080000000, 0x000000008b280000, 0x00000000d5580000)
  object space 182784K, 11% used [0x0000000080000000,0x00000000814b0c40,0x000000008b280000)
 Metaspace       used 34370K, capacity 35450K, committed 35496K, reserved 1081344K
  class space    used 4175K, capacity 4484K, committed 4520K, reserved 1048576K
}

