# JRE version: Java(TM) SE Runtime Environment (8.0_181-b13) (build 1.8.0_181-b13)
# Java VM: Java HotSpot(TM) 64-Bit Server VM (25.181-b13 mixed mode windows-amd64 compressed oops)
Heap:
 PSYoungGen      total 474624K, used 227603K [0x00000000d5580000, 0x00000000fe200000, 0x0000000100000000)
  eden space 421888K, 47% used [0x00000000d5580000,0x00000000e198e890,0x00000000ef180000)
  from space 52736K, 50% used [0x00000000ef180000,0x00000000f0bb6768,0x00000000f2500000)
  to   space 50688K, 0% used [0x00000000fb080000,0x00000000fb080000,0x00000000fe200000)
 ParOldGen       total 192512K, used 45960K [0x0000000080000000, 0x000000008bc00000, 0x00000000d5580000)
  object space 192512K, 23% used [0x0000000080000000,0x0000000082ce2318,0x000000008bc00000)
 Metaspace       used 40937K, capacity 41934K, committed 42152K, reserved 1085440K
  class space    used 4970K, capacity 5223K, committed 5288K, reserved 1048576K
GC Heap History (10 events):
Event: 8.641 GC heap before
{Heap before GC invocations=9 (full 1):
 PSYoungGen      total 222208K, used 216761K [0x00000000d5580000, 0x00000000edd00000, 0x0000000100000000)
  eden space 190976K, 97% used [0x00000000d5580000,0x00000000e0ab2f90,0x00000000e1000000)
  from space 31232K, 99% used [0x00000000e1000000,0x00000000e2e7b5b8,0x00000000e2e80000)
  to   space 43520K, 0% used [0x00000000eb280000,0x00000000eb280000,0x00000000edd00000)
 ParOldGen       total 107008K, used 46371K [0x0000000080000000, 0x0000000086880000, 0x00000000d5580000)
  object space 107008K, 43% used [0x0000000080000000,0x0000000082d48ec0,0x0000000086880000)
 Metaspace       used 34195K, capacity 34782K, committed 35200K, reserved 1081344K
  class space    used 3991K, capacity 4129K, committed 4224K, reserved 1048576K
Event: 8.667 GC heap after
Heap after GC invocations=9 (full 1):
 PSYoungGen      total 350720K, used 41041K [0x00000000d5580000, 0x00000000ee600000, 0x0000000100000000)
  eden space 307200K, 0% used [0x00000000d5580000,0x00000000d5580000,0x00000000e8180000)
  from space 43520K, 94% used [0x00000000eb280000,0x00000000eda94460,0x00000000edd00000)
  to   space 50176K, 0% used [0x00000000e8180000,0x00000000e8180000,0x00000000eb280000)
 ParOldGen       total 107008K, used 46371K [0x0000000080000000, 0x0000000086880000, 0x00000000d5580000)
  object space 107008K, 43% used [0x0000000080000000,0x0000000082d48ec0,0x0000000086880000)
 Metaspace       used 34195K, capacity 34782K, committed 35200K, reserved 1081344K
  class space    used 3991K, capacity 4129K, committed 4224K, reserved 1048576K
}
Event: 9.922 GC heap before
{Heap before GC invocations=10 (full 1):
 PSYoungGen      total 350720K, used 175237K [0x00000000d5580000, 0x00000000ee600000, 0x0000000100000000)
  eden space 307200K, 43% used [0x00000000d5580000,0x00000000dd88d388,0x00000000e8180000)
  from space 43520K, 94% used [0x00000000eb280000,0x00000000eda94460,0x00000000edd00000)
  to   space 50176K, 0% used [0x00000000e8180000,0x00000000e8180000,0x00000000eb280000)
 ParOldGen       total 107008K, used 46371K [0x0000000080000000, 0x0000000086880000, 0x00000000d5580000)
  object space 107008K, 43% used [0x0000000080000000,0x0000000082d48ec0,0x0000000086880000)
 Metaspace       used 34836K, capacity 35364K, committed 35496K, reserved 1081344K
  class space    used 4099K, capacity 4259K, committed 4264K, reserved 1048576K
Event: 9.951 GC heap after
Heap after GC invocations=10 (full 1):
 PSYoungGen      total 357376K, used 36708K [0x00000000d5580000, 0x00000000f5a80000, 0x0000000100000000)
  eden space 307200K, 0% used [0x00000000d5580000,0x00000000d5580000,0x00000000e8180000)
  from space 50176K, 73% used [0x00000000e8180000,0x00000000ea559060,0x00000000eb280000)
  to   space 53248K, 0% used [0x00000000f2680000,0x00000000f2680000,0x00000000f5a80000)
 ParOldGen       total 107008K, used 56661K [0x0000000080000000, 0x0000000086880000, 0x00000000d5580000)
  object space 107008K, 52% used [0x0000000080000000,0x00000000837556d8,0x0000000086880000)
 Metaspace       used 34836K, capacity 35364K, committed 35496K, reserved 1081344K
  class space    used 4099K, capacity 4259K, committed 4264K, reserved 1048576K
}
Event: 9.951 GC heap before
{Heap before GC invocations=11 (full 2):
 PSYoungGen      total 357376K, used 36708K [0x00000000d5580000, 0x00000000f5a80000, 0x0000000100000000)
  eden space 307200K, 0% used [0x00000000d5580000,0x00000000d5580000,0x00000000e8180000)
  from space 50176K, 73% used [0x00000000e8180000,0x00000000ea559060,0x00000000eb280000)
  to   space 53248K, 0% used [0x00000000f2680000,0x00000000f2680000,0x00000000f5a80000)
 ParOldGen       total 107008K, used 56661K [0x0000000080000000, 0x0000000086880000, 0x00000000d5580000)
  object space 107008K, 52% used [0x0000000080000000,0x00000000837556d8,0x0000000086880000)
 Metaspace       used 34836K, capacity 35364K, committed 35496K, reserved 1081344K
  class space    used 4099K, capacity 4259K, committed 4264K, reserved 1048576K
Event: 10.025 GC heap after
Heap after GC invocations=11 (full 2):
 PSYoungGen      total 357376K, used 0K [0x00000000d5580000, 0x00000000f5a80000, 0x0000000100000000)
  eden space 307200K, 0% used [0x00000000d5580000,0x00000000d5580000,0x00000000e8180000)
  from space 50176K, 0% used [0x00000000e8180000,0x00000000e8180000,0x00000000eb280000)
  to   space 53248K, 0% used [0x00000000f2680000,0x00000000f2680000,0x00000000f5a80000)
 ParOldGen       total 192512K, used 44464K [0x0000000080000000, 0x000000008bc00000, 0x00000000d5580000)
  object space 192512K, 23% used [0x0000000080000000,0x0000000082b6c390,0x000000008bc00000)
 Metaspace       used 34836K, capacity 35364K, committed 35496K, reserved 1081344K
  class space    used 4099K, capacity 4259K, committed 4264K, reserved 1048576K
}
Event: 12.183 GC heap before
{Heap before GC invocations=12 (full 2):
 PSYoungGen      total 357376K, used 300041K [0x00000000d5580000, 0x00000000f5a80000, 0x0000000100000000)
  eden space 307200K, 97% used [0x00000000d5580000,0x00000000e7a826a8,0x00000000e8180000)
  from space 50176K, 0% used [0x00000000e8180000,0x00000000e8180000,0x00000000eb280000)
  to   space 53248K, 0% used [0x00000000f2680000,0x00000000f2680000,0x00000000f5a80000)
 ParOldGen       total 192512K, used 44464K [0x0000000080000000, 0x000000008bc00000, 0x00000000d5580000)
  object space 192512K, 23% used [0x0000000080000000,0x0000000082b6c390,0x000000008bc00000)
 Metaspace       used 39162K, capacity 40132K, committed 40360K, reserved 1085440K
  class space    used 4747K, capacity 5010K, committed 5032K, reserved 1048576K
Event: 12.223 GC heap after
Heap after GC invocations=12 (full 2):
 PSYoungGen      total 473088K, used 29387K [0x00000000d5580000, 0x00000000f5880000, 0x0000000100000000)
  eden space 421888K, 0% used [0x00000000d5580000,0x00000000d5580000,0x00000000ef180000)
  from space 51200K, 57% used [0x00000000f2680000,0x00000000f4332c20,0x00000000f5880000)
  to   space 52736K, 0% used [0x00000000ef180000,0x00000000ef180000,0x00000000f2500000)
 ParOldGen       total 192512K, used 44472K [0x0000000080000000, 0x000000008bc00000, 0x00000000d5580000)
  object space 192512K, 23% used [0x0000000080000000,0x0000000082b6e390,0x000000008bc00000)
 Metaspace       used 39162K, capacity 40132K, committed 40360K, reserved 1085440K
  class space    used 4747K, capacity 5010K, committed 5032K, reserved 1048576K
}
Event: 15.769 GC heap before
{Heap before GC invocations=13 (full 2):
 PSYoungGen      total 473088K, used 449336K [0x00000000d5580000, 0x00000000f5880000, 0x0000000100000000)
  eden space 421888K, 99% used [0x00000000d5580000,0x00000000eef9b798,0x00000000ef180000)
  from space 51200K, 57% used [0x00000000f2680000,0x00000000f4332c20,0x00000000f5880000)
  to   space 52736K, 0% used [0x00000000ef180000,0x00000000ef180000,0x00000000f2500000)
 ParOldGen       total 192512K, used 44472K [0x0000000080000000, 0x000000008bc00000, 0x00000000d5580000)
  object space 192512K, 23% used [0x0000000080000000,0x0000000082b6e390,0x000000008bc00000)
 Metaspace       used 40891K, capacity 41928K, committed 42152K, reserved 1085440K
  class space    used 4965K, capacity 5221K, committed 5288K, reserved 1048576K
Event: 15.787 GC heap after
Heap after GC invocations=13 (full 2):
 PSYoungGen      total 474624K, used 26841K [0x00000000d5580000, 0x00000000fe200000, 0x0000000100000000)
  eden space 421888K, 0% used [0x00000000d5580000,0x00000000d5580000,0x00000000ef180000)
  from space 52736K, 50% used [0x00000000ef180000,0x00000000f0bb6768,0x00000000f2500000)
  to   space 50688K, 0% used [0x00000000fb080000,0x00000000fb080000,0x00000000fe200000)
 ParOldGen       total 192512K, used 45960K [0x0000000080000000, 0x000000008bc00000, 0x00000000d5580000)
  object space 192512K, 23% used [0x0000000080000000,0x0000000082ce2318,0x000000008bc00000)
 Metaspace       used 40891K, capacity 41928K, committed 42152K, reserved 1085440K
  class space    used 4965K, capacity 5221K, committed 5288K, reserved 1048576K
}

