# JRE version: Java(TM) SE Runtime Environment (8.0_181-b13) (build 1.8.0_181-b13)
# Java VM: Java HotSpot(TM) 64-Bit Server VM (25.181-b13 mixed mode windows-amd64 compressed oops)
Heap:
 PSYoungGen      total 107520K, used 13688K [0x00000000d5580000, 0x00000000df500000, 0x0000000100000000)
  eden space 93184K, 5% used [0x00000000d5580000,0x00000000d5ae94a8,0x00000000db080000)
  from space 14336K, 56% used [0x00000000db080000,0x00000000db874ec8,0x00000000dbe80000)
  to   space 13824K, 0% used [0x00000000de780000,0x00000000de780000,0x00000000df500000)
 ParOldGen       total 117248K, used 11929K [0x0000000080000000, 0x0000000087280000, 0x00000000d5580000)
  object space 117248K, 10% used [0x0000000080000000,0x0000000080ba6410,0x0000000087280000)
 Metaspace       used 25725K, capacity 26248K, committed 26368K, reserved 1073152K
  class space    used 2867K, capacity 3066K, committed 3072K, reserved 1048576K
GC Heap History (10 events):
Event: 6.173 GC heap before
{Heap before GC invocations=4 (full 0):
 PSYoungGen      total 76288K, used 52363K [0x00000000d5580000, 0x00000000daa80000, 0x0000000100000000)
  eden space 65536K, 63% used [0x00000000d5580000,0x00000000d7e23170,0x00000000d9580000)
  from space 10752K, 99% used [0x00000000d9580000,0x00000000d9fffaa8,0x00000000da000000)
  to   space 10752K, 0% used [0x00000000da000000,0x00000000da000000,0x00000000daa80000)
 ParOldGen       total 175104K, used 268K [0x0000000080000000, 0x000000008ab00000, 0x00000000d5580000)
  object space 175104K, 0% used [0x0000000080000000,0x0000000080043158,0x000000008ab00000)
 Metaspace       used 20913K, capacity 21112K, committed 21296K, reserved 1069056K
  class space    used 2329K, capacity 2408K, committed 2432K, reserved 1048576K
Event: 6.188 GC heap after
Heap after GC invocations=4 (full 0):
 PSYoungGen      total 76288K, used 10725K [0x00000000d5580000, 0x00000000daa80000, 0x0000000100000000)
  eden space 65536K, 0% used [0x00000000d5580000,0x00000000d5580000,0x00000000d9580000)
  from space 10752K, 99% used [0x00000000da000000,0x00000000daa79638,0x00000000daa80000)
  to   space 10752K, 0% used [0x00000000d9580000,0x00000000d9580000,0x00000000da000000)
 ParOldGen       total 175104K, used 1510K [0x0000000080000000, 0x000000008ab00000, 0x00000000d5580000)
  object space 175104K, 0% used [0x0000000080000000,0x0000000080179b00,0x000000008ab00000)
 Metaspace       used 20913K, capacity 21112K, committed 21296K, reserved 1069056K
  class space    used 2329K, capacity 2408K, committed 2432K, reserved 1048576K
}
Event: 6.188 GC heap before
{Heap before GC invocations=5 (full 1):
 PSYoungGen      total 76288K, used 10725K [0x00000000d5580000, 0x00000000daa80000, 0x0000000100000000)
  eden space 65536K, 0% used [0x00000000d5580000,0x00000000d5580000,0x00000000d9580000)
  from space 10752K, 99% used [0x00000000da000000,0x00000000daa79638,0x00000000daa80000)
  to   space 10752K, 0% used [0x00000000d9580000,0x00000000d9580000,0x00000000da000000)
 ParOldGen       total 175104K, used 1510K [0x0000000080000000, 0x000000008ab00000, 0x00000000d5580000)
  object space 175104K, 0% used [0x0000000080000000,0x0000000080179b00,0x000000008ab00000)
 Metaspace       used 20913K, capacity 21112K, committed 21296K, reserved 1069056K
  class space    used 2329K, capacity 2408K, committed 2432K, reserved 1048576K
Event: 6.272 GC heap after
Heap after GC invocations=5 (full 1):
 PSYoungGen      total 76288K, used 0K [0x00000000d5580000, 0x00000000daa80000, 0x0000000100000000)
  eden space 65536K, 0% used [0x00000000d5580000,0x00000000d5580000,0x00000000d9580000)
  from space 10752K, 0% used [0x00000000da000000,0x00000000da000000,0x00000000daa80000)
  to   space 10752K, 0% used [0x00000000d9580000,0x00000000d9580000,0x00000000da000000)
 ParOldGen       total 117248K, used 11921K [0x0000000080000000, 0x0000000087280000, 0x00000000d5580000)
  object space 117248K, 10% used [0x0000000080000000,0x0000000080ba4410,0x0000000087280000)
 Metaspace       used 20913K, capacity 21112K, committed 21296K, reserved 1069056K
  class space    used 2329K, capacity 2408K, committed 2432K, reserved 1048576K
}
Event: 7.278 GC heap before
{Heap before GC invocations=6 (full 1):
 PSYoungGen      total 76288K, used 65536K [0x00000000d5580000, 0x00000000daa80000, 0x0000000100000000)
  eden space 65536K, 100% used [0x00000000d5580000,0x00000000d9580000,0x00000000d9580000)
  from space 10752K, 0% used [0x00000000da000000,0x00000000da000000,0x00000000daa80000)
  to   space 10752K, 0% used [0x00000000d9580000,0x00000000d9580000,0x00000000da000000)
 ParOldGen       total 117248K, used 11921K [0x0000000080000000, 0x0000000087280000, 0x00000000d5580000)
  object space 117248K, 10% used [0x0000000080000000,0x0000000080ba4410,0x0000000087280000)
 Metaspace       used 24574K, capacity 25006K, committed 25216K, reserved 1071104K
  class space    used 2780K, capacity 2909K, committed 2944K, reserved 1048576K
Event: 7.290 GC heap after
Heap after GC invocations=6 (full 1):
 PSYoungGen      total 76288K, used 4748K [0x00000000d5580000, 0x00000000dcc00000, 0x0000000100000000)
  eden space 65536K, 0% used [0x00000000d5580000,0x00000000d5580000,0x00000000d9580000)
  from space 10752K, 44% used [0x00000000d9580000,0x00000000d9a23260,0x00000000da000000)
  to   space 13824K, 0% used [0x00000000dbe80000,0x00000000dbe80000,0x00000000dcc00000)
 ParOldGen       total 117248K, used 11929K [0x0000000080000000, 0x0000000087280000, 0x00000000d5580000)
  object space 117248K, 10% used [0x0000000080000000,0x0000000080ba6410,0x0000000087280000)
 Metaspace       used 24574K, capacity 25006K, committed 25216K, reserved 1071104K
  class space    used 2780K, capacity 2909K, committed 2944K, reserved 1048576K
}
Event: 7.713 GC heap before
{Heap before GC invocations=7 (full 1):
 PSYoungGen      total 76288K, used 70284K [0x00000000d5580000, 0x00000000dcc00000, 0x0000000100000000)
  eden space 65536K, 100% used [0x00000000d5580000,0x00000000d9580000,0x00000000d9580000)
  from space 10752K, 44% used [0x00000000d9580000,0x00000000d9a23260,0x00000000da000000)
  to   space 13824K, 0% used [0x00000000dbe80000,0x00000000dbe80000,0x00000000dcc00000)
 ParOldGen       total 117248K, used 11929K [0x0000000080000000, 0x0000000087280000, 0x00000000d5580000)
  object space 117248K, 10% used [0x0000000080000000,0x0000000080ba6410,0x0000000087280000)
 Metaspace       used 24607K, capacity 25006K, committed 25216K, reserved 1071104K
  class space    used 2782K, capacity 2909K, committed 2944K, reserved 1048576K
Event: 7.722 GC heap after
Heap after GC invocations=7 (full 1):
 PSYoungGen      total 107008K, used 2932K [0x00000000d5580000, 0x00000000dd100000, 0x0000000100000000)
  eden space 93184K, 0% used [0x00000000d5580000,0x00000000d5580000,0x00000000db080000)
  from space 13824K, 21% used [0x00000000dbe80000,0x00000000dc15d128,0x00000000dcc00000)
  to   space 14336K, 0% used [0x00000000db080000,0x00000000db080000,0x00000000dbe80000)
 ParOldGen       total 117248K, used 11929K [0x0000000080000000, 0x0000000087280000, 0x00000000d5580000)
  object space 117248K, 10% used [0x0000000080000000,0x0000000080ba6410,0x0000000087280000)
 Metaspace       used 24607K, capacity 25006K, committed 25216K, reserved 1071104K
  class space    used 2782K, capacity 2909K, committed 2944K, reserved 1048576K
}
Event: 9.205 GC heap before
{Heap before GC invocations=8 (full 1):
 PSYoungGen      total 107008K, used 96116K [0x00000000d5580000, 0x00000000dd100000, 0x0000000100000000)
  eden space 93184K, 100% used [0x00000000d5580000,0x00000000db080000,0x00000000db080000)
  from space 13824K, 21% used [0x00000000dbe80000,0x00000000dc15d128,0x00000000dcc00000)
  to   space 14336K, 0% used [0x00000000db080000,0x00000000db080000,0x00000000dbe80000)
 ParOldGen       total 117248K, used 11929K [0x0000000080000000, 0x0000000087280000, 0x00000000d5580000)
  object space 117248K, 10% used [0x0000000080000000,0x0000000080ba6410,0x0000000087280000)
 Metaspace       used 25690K, capacity 26218K, committed 26368K, reserved 1073152K
  class space    used 2863K, capacity 3056K, committed 3072K, reserved 1048576K
Event: 9.214 GC heap after
Heap after GC invocations=8 (full 1):
 PSYoungGen      total 107520K, used 8147K [0x00000000d5580000, 0x00000000df500000, 0x0000000100000000)
  eden space 93184K, 0% used [0x00000000d5580000,0x00000000d5580000,0x00000000db080000)
  from space 14336K, 56% used [0x00000000db080000,0x00000000db874ec8,0x00000000dbe80000)
  to   space 13824K, 0% used [0x00000000de780000,0x00000000de780000,0x00000000df500000)
 ParOldGen       total 117248K, used 11929K [0x0000000080000000, 0x0000000087280000, 0x00000000d5580000)
  object space 117248K, 10% used [0x0000000080000000,0x0000000080ba6410,0x0000000087280000)
 Metaspace       used 25690K, capacity 26218K, committed 26368K, reserved 1073152K
  class space    used 2863K, capacity 3056K, committed 3072K, reserved 1048576K
}

